{"D:\\boilerplate\\src\\app.module.ts": {"path":"D:\\boilerplate\\src\\app.module.ts","statementMap":{"0":{"start":{"line":1,"column":0},"end":{"line":1,"column":40}},"1":{"start":{"line":2,"column":0},"end":{"line":2,"column":46}},"2":{"start":{"line":3,"column":0},"end":{"line":3,"column":70}},"3":{"start":{"line":4,"column":0},"end":{"line":4,"column":48}},"4":{"start":{"line":5,"column":0},"end":{"line":5,"column":51}},"5":{"start":{"line":6,"column":0},"end":{"line":6,"column":51}},"6":{"start":{"line":7,"column":0},"end":{"line":7,"column":69}},"7":{"start":{"line":8,"column":0},"end":{"line":8,"column":57}},"8":{"start":{"line":9,"column":0},"end":{"line":9,"column":54}},"9":{"start":{"line":10,"column":0},"end":{"line":10,"column":51}},"10":{"start":{"line":11,"column":0},"end":{"line":11,"column":48}},"11":{"start":{"line":12,"column":0},"end":{"line":12,"column":60}},"12":{"start":{"line":13,"column":0},"end":{"line":13,"column":61}},"13":{"start":{"line":14,"column":0},"end":{"line":14,"column":77}},"14":{"start":{"line":15,"column":0},"end":{"line":15,"column":74}},"15":{"start":{"line":51,"column":7},"end":{"line":51,"column":null}},"16":{"start":{"line":51,"column":13},"end":{"line":51,"column":22}},"17":{"start":{"line":51,"column":13},"end":{"line":51,"column":null}}},"fnMap":{},"branchMap":{},"s":{"0":0,"1":0,"2":0,"3":0,"4":0,"5":0,"6":0,"7":0,"8":0,"9":0,"10":0,"11":0,"12":0,"13":0,"14":0,"15":0,"16":0,"17":0},"f":{},"b":{}}
,"D:\\boilerplate\\src\\main.ts": {"path":"D:\\boilerplate\\src\\main.ts","statementMap":{"0":{"start":{"line":1,"column":0},"end":{"line":1,"column":43}},"1":{"start":{"line":2,"column":0},"end":{"line":2,"column":48}},"2":{"start":{"line":3,"column":0},"end":{"line":3,"column":47}},"3":{"start":{"line":4,"column":0},"end":{"line":4,"column":65}},"4":{"start":{"line":5,"column":0},"end":{"line":5,"column":41}},"5":{"start":{"line":6,"column":0},"end":{"line":6,"column":77}},"6":{"start":{"line":9,"column":14},"end":{"line":9,"column":49}},"7":{"start":{"line":12,"column":2},"end":{"line":21,"column":4}},"8":{"start":{"line":24,"column":2},"end":{"line":24,"column":50}},"9":{"start":{"line":27,"column":2},"end":{"line":27,"column":19}},"10":{"start":{"line":30,"column":2},"end":{"line":30,"column":28}},"11":{"start":{"line":32,"column":24},"end":{"line":32,"column":46}},"12":{"start":{"line":33,"column":15},"end":{"line":33,"column":54}},"13":{"start":{"line":36,"column":17},"end":{"line":42,"column":12}},"14":{"start":{"line":44,"column":19},"end":{"line":44,"column":60}},"15":{"start":{"line":45,"column":2},"end":{"line":49,"column":5}},"16":{"start":{"line":51,"column":2},"end":{"line":51,"column":25}},"17":{"start":{"line":52,"column":2},"end":{"line":52,"column":69}},"18":{"start":{"line":53,"column":2},"end":{"line":53,"column":74}},"19":{"start":{"line":56,"column":0},"end":{"line":56,"column":12}}},"fnMap":{"0":{"name":"bootstrap","decl":{"start":{"line":8,"column":15},"end":{"line":8,"column":24}},"loc":{"start":{"line":8,"column":24},"end":{"line":54,"column":1}}}},"branchMap":{},"s":{"0":0,"1":0,"2":0,"3":0,"4":0,"5":0,"6":0,"7":0,"8":0,"9":0,"10":0,"11":0,"12":0,"13":0,"14":0,"15":0,"16":0,"17":0,"18":0,"19":0},"f":{"0":0},"b":{}}
,"D:\\boilerplate\\src\\audit\\audit.module.ts": {"path":"D:\\boilerplate\\src\\audit\\audit.module.ts","statementMap":{"0":{"start":{"line":1,"column":0},"end":{"line":1,"column":40}},"1":{"start":{"line":2,"column":0},"end":{"line":2,"column":47}},"2":{"start":{"line":3,"column":0},"end":{"line":3,"column":68}},"3":{"start":{"line":4,"column":0},"end":{"line":4,"column":55}},"4":{"start":{"line":11,"column":7},"end":{"line":11,"column":null}},"5":{"start":{"line":11,"column":13},"end":{"line":11,"column":24}},"6":{"start":{"line":11,"column":13},"end":{"line":11,"column":null}}},"fnMap":{},"branchMap":{},"s":{"0":0,"1":0,"2":0,"3":0,"4":0,"5":0,"6":0},"f":{},"b":{}}
,"D:\\boilerplate\\src\\audit\\audit.service.ts": {"path":"D:\\boilerplate\\src\\audit\\audit.service.ts","statementMap":{"0":{"start":{"line":1,"column":0},"end":{"line":1,"column":44}},"1":{"start":{"line":2,"column":0},"end":{"line":2,"column":57}},"2":{"start":{"line":20,"column":7},"end":{"line":75,"column":null}},"3":{"start":{"line":21,"column":22},"end":{"line":21,"column":30}},"4":{"start":{"line":24,"column":4},"end":{"line":39,"column":5}},"5":{"start":{"line":25,"column":6},"end":{"line":36,"column":9}},"6":{"start":{"line":38,"column":6},"end":{"line":38,"column":56}},"7":{"start":{"line":43,"column":44},"end":{"line":43,"column":54}},"8":{"start":{"line":45,"column":18},"end":{"line":51,"column":10}},"9":{"start":{"line":53,"column":26},"end":{"line":61,"column":6}},"10":{"start":{"line":63,"column":4},"end":{"line":73,"column":6}},"11":{"start":{"line":20,"column":13},"end":{"line":20,"column":25}},"12":{"start":{"line":20,"column":13},"end":{"line":75,"column":null}}},"fnMap":{"0":{"name":"(anonymous_2)","decl":{"start":{"line":21,"column":2},"end":{"line":21,"column":22}},"loc":{"start":{"line":21,"column":43},"end":{"line":21,"column":47}}},"1":{"name":"(anonymous_3)","decl":{"start":{"line":23,"column":2},"end":{"line":23,"column":7}},"loc":{"start":{"line":23,"column":30},"end":{"line":40,"column":3}}},"2":{"name":"(anonymous_4)","decl":{"start":{"line":42,"column":2},"end":{"line":42,"column":7}},"loc":{"start":{"line":42,"column":41},"end":{"line":74,"column":3}}}},"branchMap":{"0":{"loc":{"start":{"line":31,"column":21},"end":{"line":31,"column":43}},"type":"binary-expr","locations":[{"start":{"line":31,"column":21},"end":{"line":31,"column":35}},{"start":{"line":31,"column":39},"end":{"line":31,"column":43}}]},"1":{"loc":{"start":{"line":32,"column":22},"end":{"line":32,"column":78}},"type":"cond-expr","locations":[{"start":{"line":32,"column":40},"end":{"line":32,"column":71}},{"start":{"line":32,"column":74},"end":{"line":32,"column":78}}]},"2":{"loc":{"start":{"line":33,"column":21},"end":{"line":33,"column":75}},"type":"cond-expr","locations":[{"start":{"line":33,"column":38},"end":{"line":33,"column":68}},{"start":{"line":33,"column":71},"end":{"line":33,"column":75}}]},"3":{"loc":{"start":{"line":34,"column":22},"end":{"line":34,"column":78}},"type":"cond-expr","locations":[{"start":{"line":34,"column":40},"end":{"line":34,"column":71}},{"start":{"line":34,"column":74},"end":{"line":34,"column":78}}]},"4":{"loc":{"start":{"line":45,"column":18},"end":{"line":51,"column":10}},"type":"cond-expr","locations":[{"start":{"line":45,"column":27},"end":{"line":51,"column":6}},{"start":{"line":51,"column":8},"end":{"line":51,"column":10}}]}},"s":{"0":0,"1":0,"2":0,"3":0,"4":0,"5":0,"6":0,"7":0,"8":0,"9":0,"10":0,"11":0,"12":0},"f":{"0":0,"1":0,"2":0},"b":{"0":[0,0],"1":[0,0],"2":[0,0],"3":[0,0],"4":[0,0]}}
,"D:\\boilerplate\\src\\audit\\decorators\\auditable.decorator.ts": {"path":"D:\\boilerplate\\src\\audit\\decorators\\auditable.decorator.ts","statementMap":{"0":{"start":{"line":1,"column":0},"end":{"line":1,"column":45}},"1":{"start":{"line":3,"column":13},"end":{"line":3,"column":41}},"2":{"start":{"line":10,"column":25},"end":{"line":11,"column":49}},"3":{"start":{"line":11,"column":2},"end":{"line":11,"column":49}},"4":{"start":{"line":10,"column":13},"end":{"line":10,"column":25}}},"fnMap":{"0":{"name":"(anonymous_0)","decl":{"start":{"line":10,"column":25},"end":{"line":10,"column":26}},"loc":{"start":{"line":11,"column":2},"end":{"line":11,"column":49}}}},"branchMap":{},"s":{"0":0,"1":0,"2":0,"3":0,"4":0},"f":{"0":0},"b":{}}
,"D:\\boilerplate\\src\\audit\\interceptors\\audit.interceptor.ts": {"path":"D:\\boilerplate\\src\\audit\\interceptors\\audit.interceptor.ts","statementMap":{"0":{"start":{"line":1,"column":0},"end":{"line":1,"column":null}},"1":{"start":{"line":7,"column":0},"end":{"line":7,"column":41}},"2":{"start":{"line":9,"column":0},"end":{"line":9,"column":37}},"3":{"start":{"line":10,"column":0},"end":{"line":10,"column":48}},"4":{"start":{"line":11,"column":0},"end":{"line":11,"column":66}},"5":{"start":{"line":12,"column":0},"end":{"line":12,"column":60}},"6":{"start":{"line":15,"column":7},"end":{"line":98,"column":null}},"7":{"start":{"line":17,"column":12},"end":{"line":17,"column":23}},"8":{"start":{"line":18,"column":12},"end":{"line":18,"column":26}},"9":{"start":{"line":19,"column":12},"end":{"line":19,"column":20}},"10":{"start":{"line":23,"column":30},"end":{"line":25,"column":null}},"11":{"start":{"line":28,"column":4},"end":{"line":30,"column":5}},"12":{"start":{"line":29,"column":6},"end":{"line":29,"column":27}},"13":{"start":{"line":32,"column":20},"end":{"line":32,"column":55}},"14":{"start":{"line":33,"column":17},"end":{"line":33,"column":29}},"15":{"start":{"line":34,"column":21},"end":{"line":34,"column":51}},"16":{"start":{"line":35,"column":32},"end":{"line":35,"column":49}},"17":{"start":{"line":37,"column":21},"end":{"line":37,"column":25}},"18":{"start":{"line":38,"column":20},"end":{"line":38,"column":24}},"19":{"start":{"line":41,"column":4},"end":{"line":56,"column":5}},"20":{"start":{"line":42,"column":6},"end":{"line":42,"column":36}},"21":{"start":{"line":44,"column":6},"end":{"line":55,"column":7}},"22":{"start":{"line":46,"column":22},"end":{"line":46,"column":53}},"23":{"start":{"line":47,"column":8},"end":{"line":52,"column":9}},"24":{"start":{"line":48,"column":25},"end":{"line":50,"column":12}},"25":{"start":{"line":51,"column":10},"end":{"line":51,"column":30}},"26":{"start":{"line":54,"column":8},"end":{"line":54,"column":59}},"27":{"start":{"line":58,"column":4},"end":{"line":83,"column":6}},"28":{"start":{"line":61,"column":8},"end":{"line":63,"column":9}},"29":{"start":{"line":62,"column":10},"end":{"line":62,"column":35}},"30":{"start":{"line":66,"column":27},"end":{"line":69,"column":10}},"31":{"start":{"line":72,"column":8},"end":{"line":81,"column":11}},"32":{"start":{"line":87,"column":4},"end":{"line":96,"column":5}},"33":{"start":{"line":89,"column":8},"end":{"line":89,"column":32}},"34":{"start":{"line":91,"column":8},"end":{"line":91,"column":32}},"35":{"start":{"line":93,"column":8},"end":{"line":93,"column":34}},"36":{"start":{"line":95,"column":8},"end":{"line":95,"column":20}},"37":{"start":{"line":15,"column":13},"end":{"line":15,"column":29}},"38":{"start":{"line":15,"column":13},"end":{"line":98,"column":null}}},"fnMap":{"0":{"name":"(anonymous_2)","decl":{"start":{"line":16,"column":2},"end":{"line":16,"column":null}},"loc":{"start":{"line":19,"column":33},"end":{"line":20,"column":6}}},"1":{"name":"(anonymous_3)","decl":{"start":{"line":22,"column":2},"end":{"line":22,"column":7}},"loc":{"start":{"line":22,"column":62},"end":{"line":84,"column":3}}},"2":{"name":"(anonymous_4)","decl":{"start":{"line":59,"column":10},"end":{"line":59,"column":15}},"loc":{"start":{"line":59,"column":30},"end":{"line":82,"column":7}}},"3":{"name":"(anonymous_5)","decl":{"start":{"line":86,"column":10},"end":{"line":86,"column":27}},"loc":{"start":{"line":86,"column":43},"end":{"line":97,"column":3}}}},"branchMap":{"0":{"loc":{"start":{"line":28,"column":4},"end":{"line":30,"column":5}},"type":"if","locations":[{"start":{"line":28,"column":4},"end":{"line":30,"column":5}}]},"1":{"loc":{"start":{"line":41,"column":4},"end":{"line":56,"column":5}},"type":"if","locations":[{"start":{"line":41,"column":4},"end":{"line":56,"column":5}}]},"2":{"loc":{"start":{"line":41,"column":8},"end":{"line":41,"column":66}},"type":"binary-expr","locations":[{"start":{"line":41,"column":8},"end":{"line":41,"column":45}},{"start":{"line":41,"column":49},"end":{"line":41,"column":66}}]},"3":{"loc":{"start":{"line":47,"column":8},"end":{"line":52,"column":9}},"type":"if","locations":[{"start":{"line":47,"column":8},"end":{"line":52,"column":9}}]},"4":{"loc":{"start":{"line":61,"column":8},"end":{"line":63,"column":9}},"type":"if","locations":[{"start":{"line":61,"column":8},"end":{"line":63,"column":9}}]},"5":{"loc":{"start":{"line":61,"column":12},"end":{"line":61,"column":48}},"type":"binary-expr","locations":[{"start":{"line":61,"column":12},"end":{"line":61,"column":31}},{"start":{"line":61,"column":35},"end":{"line":61,"column":48}}]},"6":{"loc":{"start":{"line":73,"column":18},"end":{"line":73,"column":38}},"type":"binary-expr","locations":[{"start":{"line":73,"column":18},"end":{"line":73,"column":26}},{"start":{"line":73,"column":30},"end":{"line":73,"column":38}}]},"7":{"loc":{"start":{"line":74,"column":20},"end":{"line":74,"column":40}},"type":"binary-expr","locations":[{"start":{"line":74,"column":20},"end":{"line":74,"column":28}},{"start":{"line":74,"column":32},"end":{"line":74,"column":40}}]},"8":{"loc":{"start":{"line":87,"column":4},"end":{"line":96,"column":5}},"type":"switch","locations":[{"start":{"line":88,"column":6},"end":{"line":89,"column":32}},{"start":{"line":90,"column":6},"end":{"line":91,"column":32}},{"start":{"line":92,"column":6},"end":{"line":93,"column":34}},{"start":{"line":94,"column":6},"end":{"line":95,"column":20}}]}},"s":{"0":0,"1":0,"2":0,"3":0,"4":0,"5":0,"6":0,"7":0,"8":0,"9":0,"10":0,"11":0,"12":0,"13":0,"14":0,"15":0,"16":0,"17":0,"18":0,"19":0,"20":0,"21":0,"22":0,"23":0,"24":0,"25":0,"26":0,"27":0,"28":0,"29":0,"30":0,"31":0,"32":0,"33":0,"34":0,"35":0,"36":0,"37":0,"38":0},"f":{"0":0,"1":0,"2":0,"3":0},"b":{"0":[0],"1":[0],"2":[0,0],"3":[0],"4":[0],"5":[0,0],"6":[0,0],"7":[0,0],"8":[0,0,0,0]}}
,"D:\\boilerplate\\src\\auth\\auth.controller.ts": {"path":"D:\\boilerplate\\src\\auth\\auth.controller.ts","statementMap":{"0":{"start":{"line":1,"column":0},"end":{"line":1,"column":81}},"1":{"start":{"line":2,"column":0},"end":{"line":2,"column":84}},"2":{"start":{"line":3,"column":0},"end":{"line":3,"column":45}},"3":{"start":{"line":4,"column":0},"end":{"line":4,"column":59}},"4":{"start":{"line":5,"column":0},"end":{"line":5,"column":55}},"5":{"start":{"line":6,"column":0},"end":{"line":6,"column":66}},"6":{"start":{"line":7,"column":0},"end":{"line":7,"column":73}},"7":{"start":{"line":11,"column":7},"end":{"line":39,"column":null}},"8":{"start":{"line":12,"column":22},"end":{"line":12,"column":35}},"9":{"start":{"line":20,"column":4},"end":{"line":20,"column":44}},"10":{"start":{"line":28,"column":4},"end":{"line":28,"column":50}},"11":{"start":{"line":37,"column":4},"end":{"line":37,"column":16}},"12":{"start":{"line":11,"column":13},"end":{"line":11,"column":27}},"13":{"start":{"line":19,"column":8},"end":{"line":21,"column":null}},"14":{"start":{"line":27,"column":8},"end":{"line":29,"column":null}},"15":{"start":{"line":36,"column":8},"end":{"line":38,"column":null}},"16":{"start":{"line":11,"column":13},"end":{"line":39,"column":null}}},"fnMap":{"0":{"name":"(anonymous_4)","decl":{"start":{"line":12,"column":2},"end":{"line":12,"column":22}},"loc":{"start":{"line":12,"column":46},"end":{"line":12,"column":50}}},"1":{"name":"(anonymous_5)","decl":{"start":{"line":19,"column":2},"end":{"line":19,"column":7}},"loc":{"start":{"line":19,"column":56},"end":{"line":21,"column":3}}},"2":{"name":"(anonymous_6)","decl":{"start":{"line":27,"column":2},"end":{"line":27,"column":7}},"loc":{"start":{"line":27,"column":49},"end":{"line":29,"column":3}}},"3":{"name":"(anonymous_7)","decl":{"start":{"line":36,"column":2},"end":{"line":36,"column":7}},"loc":{"start":{"line":36,"column":30},"end":{"line":38,"column":3}}}},"branchMap":{},"s":{"0":0,"1":0,"2":0,"3":0,"4":0,"5":0,"6":0,"7":0,"8":0,"9":0,"10":0,"11":0,"12":0,"13":0,"14":0,"15":0,"16":0},"f":{"0":0,"1":0,"2":0,"3":0},"b":{}}
,"D:\\boilerplate\\src\\auth\\auth.module.ts": {"path":"D:\\boilerplate\\src\\auth\\auth.module.ts","statementMap":{"0":{"start":{"line":1,"column":0},"end":{"line":1,"column":40}},"1":{"start":{"line":2,"column":0},"end":{"line":2,"column":40}},"2":{"start":{"line":3,"column":0},"end":{"line":3,"column":50}},"3":{"start":{"line":4,"column":0},"end":{"line":4,"column":61}},"4":{"start":{"line":5,"column":0},"end":{"line":5,"column":45}},"5":{"start":{"line":6,"column":0},"end":{"line":6,"column":51}},"6":{"start":{"line":7,"column":0},"end":{"line":7,"column":56}},"7":{"start":{"line":8,"column":0},"end":{"line":8,"column":60}},"8":{"start":{"line":9,"column":0},"end":{"line":9,"column":55}},"9":{"start":{"line":28,"column":7},"end":{"line":28,"column":null}},"10":{"start":{"line":28,"column":13},"end":{"line":28,"column":23}},"11":{"start":{"line":28,"column":13},"end":{"line":28,"column":null}},"12":{"start":{"line":17,"column":59},"end":{"line":20,"column":8}}},"fnMap":{"0":{"name":"(anonymous_1)","decl":{"start":{"line":17,"column":18},"end":{"line":17,"column":23}},"loc":{"start":{"line":17,"column":59},"end":{"line":20,"column":8}}}},"branchMap":{},"s":{"0":0,"1":0,"2":0,"3":0,"4":0,"5":0,"6":0,"7":0,"8":0,"9":0,"10":0,"11":0,"12":0},"f":{"0":0},"b":{}}
,"D:\\boilerplate\\src\\auth\\auth.service.ts": {"path":"D:\\boilerplate\\src\\auth\\auth.service.ts","statementMap":{"0":{"start":{"line":1,"column":0},"end":{"line":1,"column":67}},"1":{"start":{"line":2,"column":0},"end":{"line":2,"column":41}},"2":{"start":{"line":3,"column":0},"end":{"line":3,"column":47}},"3":{"start":{"line":4,"column":0},"end":{"line":4,"column":33}},"4":{"start":{"line":5,"column":0},"end":{"line":5,"column":57}},"5":{"start":{"line":9,"column":7},"end":{"line":102,"column":null}},"6":{"start":{"line":11,"column":12},"end":{"line":11,"column":20}},"7":{"start":{"line":12,"column":12},"end":{"line":12,"column":24}},"8":{"start":{"line":13,"column":12},"end":{"line":13,"column":27}},"9":{"start":{"line":17,"column":17},"end":{"line":20,"column":6}},"10":{"start":{"line":22,"column":4},"end":{"line":25,"column":5}},"11":{"start":{"line":23,"column":41},"end":{"line":23,"column":45}},"12":{"start":{"line":24,"column":6},"end":{"line":24,"column":20}},"13":{"start":{"line":26,"column":4},"end":{"line":26,"column":16}},"14":{"start":{"line":30,"column":17},"end":{"line":30,"column":75}},"15":{"start":{"line":31,"column":4},"end":{"line":33,"column":5}},"16":{"start":{"line":32,"column":6},"end":{"line":32,"column":61}},"17":{"start":{"line":35,"column":20},"end":{"line":39,"column":6}},"18":{"start":{"line":41,"column":4},"end":{"line":52,"column":6}},"19":{"start":{"line":56,"column":25},"end":{"line":58,"column":6}},"20":{"start":{"line":60,"column":4},"end":{"line":62,"column":5}},"21":{"start":{"line":61,"column":6},"end":{"line":61,"column":61}},"22":{"start":{"line":64,"column":27},"end":{"line":64,"column":70}},"23":{"start":{"line":66,"column":17},"end":{"line":74,"column":6}},"24":{"start":{"line":76,"column":20},"end":{"line":80,"column":6}},"25":{"start":{"line":82,"column":4},"end":{"line":93,"column":6}},"26":{"start":{"line":97,"column":4},"end":{"line":100,"column":7}},"27":{"start":{"line":9,"column":13},"end":{"line":9,"column":24}},"28":{"start":{"line":9,"column":13},"end":{"line":102,"column":null}}},"fnMap":{"0":{"name":"(anonymous_2)","decl":{"start":{"line":10,"column":2},"end":{"line":10,"column":null}},"loc":{"start":{"line":13,"column":40},"end":{"line":14,"column":6}}},"1":{"name":"(anonymous_3)","decl":{"start":{"line":16,"column":2},"end":{"line":16,"column":7}},"loc":{"start":{"line":16,"column":52},"end":{"line":27,"column":3}}},"2":{"name":"(anonymous_4)","decl":{"start":{"line":29,"column":2},"end":{"line":29,"column":7}},"loc":{"start":{"line":29,"column":32},"end":{"line":53,"column":3}}},"3":{"name":"(anonymous_5)","decl":{"start":{"line":55,"column":2},"end":{"line":55,"column":7}},"loc":{"start":{"line":55,"column":41},"end":{"line":94,"column":3}}},"4":{"name":"(anonymous_6)","decl":{"start":{"line":96,"column":2},"end":{"line":96,"column":7}},"loc":{"start":{"line":96,"column":35},"end":{"line":101,"column":3}}}},"branchMap":{"0":{"loc":{"start":{"line":22,"column":4},"end":{"line":25,"column":5}},"type":"if","locations":[{"start":{"line":22,"column":4},"end":{"line":25,"column":5}}]},"1":{"loc":{"start":{"line":22,"column":8},"end":{"line":22,"column":61}},"type":"binary-expr","locations":[{"start":{"line":22,"column":8},"end":{"line":22,"column":12}},{"start":{"line":22,"column":16},"end":{"line":22,"column":61}}]},"2":{"loc":{"start":{"line":31,"column":4},"end":{"line":33,"column":5}},"type":"if","locations":[{"start":{"line":31,"column":4},"end":{"line":33,"column":5}}]},"3":{"loc":{"start":{"line":60,"column":4},"end":{"line":62,"column":5}},"type":"if","locations":[{"start":{"line":60,"column":4},"end":{"line":62,"column":5}}]}},"s":{"0":1,"1":1,"2":1,"3":1,"4":1,"5":1,"6":9,"7":9,"8":9,"9":3,"10":3,"11":1,"12":1,"13":2,"14":2,"15":2,"16":1,"17":1,"18":1,"19":2,"20":2,"21":1,"22":1,"23":1,"24":1,"25":1,"26":2,"27":1,"28":1},"f":{"0":9,"1":3,"2":2,"3":2,"4":2},"b":{"0":[1],"1":[3,2],"2":[1],"3":[1]}}
,"D:\\boilerplate\\src\\auth\\decorators\\current-user.decorator.ts": {"path":"D:\\boilerplate\\src\\auth\\decorators\\current-user.decorator.ts","statementMap":{"0":{"start":{"line":1,"column":0},"end":{"line":1,"column":72}},"1":{"start":{"line":3,"column":13},"end":{"line":8,"column":2}},"2":{"start":{"line":5,"column":20},"end":{"line":5,"column":51}},"3":{"start":{"line":6,"column":4},"end":{"line":6,"column":24}}},"fnMap":{"0":{"name":"(anonymous_0)","decl":{"start":{"line":4,"column":2},"end":{"line":4,"column":3}},"loc":{"start":{"line":4,"column":43},"end":{"line":7,"column":3}}}},"branchMap":{},"s":{"0":0,"1":0,"2":0,"3":0},"f":{"0":0},"b":{}}
,"D:\\boilerplate\\src\\auth\\dto\\login.dto.ts": {"path":"D:\\boilerplate\\src\\auth\\dto\\login.dto.ts","statementMap":{"0":{"start":{"line":1,"column":0},"end":{"line":1,"column":63}},"1":{"start":{"line":2,"column":0},"end":{"line":2,"column":46}},"2":{"start":{"line":4,"column":0},"end":{"line":4,"column":13}},"3":{"start":{"line":10,"column":2},"end":{"line":10,"column":null}},"4":{"start":{"line":19,"column":2},"end":{"line":19,"column":null}},"5":{"start":{"line":22,"column":0},"end":{"line":22,"column":13}},"6":{"start":{"line":28,"column":2},"end":{"line":28,"column":null}},"7":{"start":{"line":35,"column":2},"end":{"line":35,"column":null}},"8":{"start":{"line":44,"column":2},"end":{"line":44,"column":null}},"9":{"start":{"line":51,"column":2},"end":{"line":51,"column":null}},"10":{"start":{"line":54,"column":0},"end":{"line":54,"column":13}},"11":{"start":{"line":58,"column":2},"end":{"line":58,"column":null}},"12":{"start":{"line":63,"column":2},"end":{"line":71,"column":null}}},"fnMap":{},"branchMap":{},"s":{"0":0,"1":0,"2":0,"3":0,"4":0,"5":0,"6":0,"7":0,"8":0,"9":0,"10":0,"11":0,"12":0},"f":{},"b":{}}
,"D:\\boilerplate\\src\\auth\\guards\\jwt-auth.guard.ts": {"path":"D:\\boilerplate\\src\\auth\\guards\\jwt-auth.guard.ts","statementMap":{"0":{"start":{"line":1,"column":0},"end":{"line":1,"column":44}},"1":{"start":{"line":2,"column":0},"end":{"line":2,"column":45}},"2":{"start":{"line":5,"column":7},"end":{"line":5,"column":null}},"3":{"start":{"line":5,"column":13},"end":{"line":5,"column":25}},"4":{"start":{"line":5,"column":13},"end":{"line":5,"column":null}}},"fnMap":{},"branchMap":{},"s":{"0":0,"1":0,"2":0,"3":0,"4":0},"f":{},"b":{}}
,"D:\\boilerplate\\src\\auth\\guards\\local-auth.guard.ts": {"path":"D:\\boilerplate\\src\\auth\\guards\\local-auth.guard.ts","statementMap":{"0":{"start":{"line":1,"column":0},"end":{"line":1,"column":44}},"1":{"start":{"line":2,"column":0},"end":{"line":2,"column":45}},"2":{"start":{"line":5,"column":7},"end":{"line":5,"column":null}},"3":{"start":{"line":5,"column":13},"end":{"line":5,"column":27}},"4":{"start":{"line":5,"column":13},"end":{"line":5,"column":null}}},"fnMap":{},"branchMap":{},"s":{"0":0,"1":0,"2":0,"3":0,"4":0},"f":{},"b":{}}
,"D:\\boilerplate\\src\\auth\\strategies\\jwt.strategy.ts": {"path":"D:\\boilerplate\\src\\auth\\strategies\\jwt.strategy.ts","statementMap":{"0":{"start":{"line":1,"column":0},"end":{"line":1,"column":67}},"1":{"start":{"line":2,"column":0},"end":{"line":2,"column":47}},"2":{"start":{"line":3,"column":0},"end":{"line":3,"column":52}},"3":{"start":{"line":4,"column":0},"end":{"line":4,"column":52}},"4":{"start":{"line":5,"column":0},"end":{"line":5,"column":60}},"5":{"start":{"line":8,"column":7},"end":{"line":37,"column":null}},"6":{"start":{"line":13,"column":4},"end":{"line":17,"column":7}},"7":{"start":{"line":10,"column":12},"end":{"line":10,"column":27}},"8":{"start":{"line":11,"column":12},"end":{"line":11,"column":20}},"9":{"start":{"line":21,"column":17},"end":{"line":24,"column":6}},"10":{"start":{"line":26,"column":4},"end":{"line":28,"column":5}},"11":{"start":{"line":27,"column":6},"end":{"line":27,"column":40}},"12":{"start":{"line":30,"column":4},"end":{"line":35,"column":6}},"13":{"start":{"line":8,"column":13},"end":{"line":8,"column":24}},"14":{"start":{"line":8,"column":13},"end":{"line":37,"column":null}}},"fnMap":{"0":{"name":"(anonymous_2)","decl":{"start":{"line":9,"column":2},"end":{"line":9,"column":null}},"loc":{"start":{"line":11,"column":33},"end":{"line":18,"column":3}}},"1":{"name":"(anonymous_3)","decl":{"start":{"line":20,"column":2},"end":{"line":20,"column":7}},"loc":{"start":{"line":20,"column":29},"end":{"line":36,"column":3}}}},"branchMap":{"0":{"loc":{"start":{"line":26,"column":4},"end":{"line":28,"column":5}},"type":"if","locations":[{"start":{"line":26,"column":4},"end":{"line":28,"column":5}}]}},"s":{"0":0,"1":0,"2":0,"3":0,"4":0,"5":0,"6":0,"7":0,"8":0,"9":0,"10":0,"11":0,"12":0,"13":0,"14":0},"f":{"0":0,"1":0},"b":{"0":[0]}}
,"D:\\boilerplate\\src\\auth\\strategies\\local.strategy.ts": {"path":"D:\\boilerplate\\src\\auth\\strategies\\local.strategy.ts","statementMap":{"0":{"start":{"line":1,"column":0},"end":{"line":1,"column":67}},"1":{"start":{"line":2,"column":0},"end":{"line":2,"column":52}},"2":{"start":{"line":3,"column":0},"end":{"line":3,"column":42}},"3":{"start":{"line":4,"column":0},"end":{"line":4,"column":46}},"4":{"start":{"line":7,"column":7},"end":{"line":19,"column":null}},"5":{"start":{"line":9,"column":4},"end":{"line":9,"column":38}},"6":{"start":{"line":8,"column":22},"end":{"line":8,"column":35}},"7":{"start":{"line":13,"column":17},"end":{"line":13,"column":69}},"8":{"start":{"line":14,"column":4},"end":{"line":16,"column":5}},"9":{"start":{"line":15,"column":6},"end":{"line":15,"column":61}},"10":{"start":{"line":17,"column":4},"end":{"line":17,"column":16}},"11":{"start":{"line":7,"column":13},"end":{"line":7,"column":26}},"12":{"start":{"line":7,"column":13},"end":{"line":19,"column":null}}},"fnMap":{"0":{"name":"(anonymous_2)","decl":{"start":{"line":8,"column":2},"end":{"line":8,"column":22}},"loc":{"start":{"line":8,"column":46},"end":{"line":10,"column":3}}},"1":{"name":"(anonymous_3)","decl":{"start":{"line":12,"column":2},"end":{"line":12,"column":7}},"loc":{"start":{"line":12,"column":48},"end":{"line":18,"column":3}}}},"branchMap":{"0":{"loc":{"start":{"line":14,"column":4},"end":{"line":16,"column":5}},"type":"if","locations":[{"start":{"line":14,"column":4},"end":{"line":16,"column":5}}]}},"s":{"0":0,"1":0,"2":0,"3":0,"4":0,"5":0,"6":0,"7":0,"8":0,"9":0,"10":0,"11":0,"12":0},"f":{"0":0,"1":0},"b":{"0":[0]}}
,"D:\\boilerplate\\src\\casl\\casl-ability.factory.ts": {"path":"D:\\boilerplate\\src\\casl\\casl-ability.factory.ts","statementMap":{"0":{"start":{"line":1,"column":0},"end":{"line":1,"column":44}},"1":{"start":{"line":2,"column":0},"end":{"line":2,"column":70}},"2":{"start":{"line":4,"column":0},"end":{"line":4,"column":null}},"3":{"start":{"line":5,"column":2},"end":{"line":5,"column":null}},"4":{"start":{"line":6,"column":2},"end":{"line":6,"column":null}},"5":{"start":{"line":7,"column":2},"end":{"line":7,"column":null}},"6":{"start":{"line":8,"column":2},"end":{"line":8,"column":null}},"7":{"start":{"line":9,"column":2},"end":{"line":9,"column":null}},"8":{"start":{"line":16,"column":7},"end":{"line":48,"column":null}},"9":{"start":{"line":18,"column":35},"end":{"line":19,"column":null}},"10":{"start":{"line":23,"column":4},"end":{"line":25,"column":5}},"11":{"start":{"line":24,"column":6},"end":{"line":24,"column":32}},"12":{"start":{"line":28,"column":4},"end":{"line":28,"column":46}},"13":{"start":{"line":29,"column":4},"end":{"line":29,"column":48}},"14":{"start":{"line":32,"column":4},"end":{"line":32,"column":29}},"15":{"start":{"line":35,"column":4},"end":{"line":35,"column":31}},"16":{"start":{"line":38,"column":4},"end":{"line":42,"column":5}},"17":{"start":{"line":39,"column":6},"end":{"line":41,"column":9}},"18":{"start":{"line":40,"column":8},"end":{"line":40,"column":61}},"19":{"start":{"line":44,"column":4},"end":{"line":46,"column":7}},"20":{"start":{"line":45,"column":35},"end":{"line":45,"column":47}},"21":{"start":{"line":16,"column":13},"end":{"line":16,"column":31}},"22":{"start":{"line":16,"column":13},"end":{"line":48,"column":null}}},"fnMap":{"0":{"name":"(anonymous_1)","decl":{"start":{"line":4,"column":0},"end":{"line":4,"column":12}},"loc":{"start":{"line":4,"column":18},"end":{"line":10,"column":1}}},"1":{"name":"(anonymous_2)","decl":{"start":{"line":17,"column":2},"end":{"line":17,"column":15}},"loc":{"start":{"line":17,"column":25},"end":{"line":47,"column":3}}},"2":{"name":"(anonymous_3)","decl":{"start":{"line":39,"column":36},"end":{"line":39,"column":37}},"loc":{"start":{"line":39,"column":56},"end":{"line":41,"column":7}}},"3":{"name":"(anonymous_4)","decl":{"start":{"line":45,"column":25},"end":{"line":45,"column":26}},"loc":{"start":{"line":45,"column":35},"end":{"line":45,"column":47}}}},"branchMap":{"0":{"loc":{"start":{"line":4,"column":12},"end":{"line":4,"column":null}},"type":"binary-expr","locations":[{"start":{"line":4,"column":12},"end":{"line":4,"column":18}},{"start":{"line":4,"column":18},"end":{"line":4,"column":null}}]},"1":{"loc":{"start":{"line":23,"column":4},"end":{"line":25,"column":5}},"type":"if","locations":[{"start":{"line":23,"column":4},"end":{"line":25,"column":5}}]},"2":{"loc":{"start":{"line":38,"column":4},"end":{"line":42,"column":5}},"type":"if","locations":[{"start":{"line":38,"column":4},"end":{"line":42,"column":5}}]}},"s":{"0":0,"1":0,"2":0,"3":0,"4":0,"5":0,"6":0,"7":0,"8":0,"9":0,"10":0,"11":0,"12":0,"13":0,"14":0,"15":0,"16":0,"17":0,"18":0,"19":0,"20":0,"21":0,"22":0},"f":{"0":0,"1":0,"2":0,"3":0},"b":{"0":[0,0],"1":[0],"2":[0]}}
,"D:\\boilerplate\\src\\casl\\casl.module.ts": {"path":"D:\\boilerplate\\src\\casl\\casl.module.ts","statementMap":{"0":{"start":{"line":1,"column":0},"end":{"line":1,"column":40}},"1":{"start":{"line":2,"column":0},"end":{"line":2,"column":60}},"2":{"start":{"line":3,"column":0},"end":{"line":3,"column":56}},"3":{"start":{"line":9,"column":7},"end":{"line":9,"column":null}},"4":{"start":{"line":9,"column":13},"end":{"line":9,"column":23}},"5":{"start":{"line":9,"column":13},"end":{"line":9,"column":null}}},"fnMap":{},"branchMap":{},"s":{"0":0,"1":0,"2":0,"3":0,"4":0,"5":0},"f":{},"b":{}}
,"D:\\boilerplate\\src\\casl\\decorators\\check-policies.decorator.ts": {"path":"D:\\boilerplate\\src\\casl\\decorators\\check-policies.decorator.ts","statementMap":{"0":{"start":{"line":1,"column":0},"end":{"line":1,"column":45}},"1":{"start":{"line":4,"column":13},"end":{"line":4,"column":49}},"2":{"start":{"line":5,"column":29},"end":{"line":6,"column":43}},"3":{"start":{"line":6,"column":2},"end":{"line":6,"column":43}},"4":{"start":{"line":5,"column":13},"end":{"line":5,"column":29}}},"fnMap":{"0":{"name":"(anonymous_0)","decl":{"start":{"line":5,"column":29},"end":{"line":5,"column":30}},"loc":{"start":{"line":6,"column":2},"end":{"line":6,"column":43}}}},"branchMap":{},"s":{"0":0,"1":0,"2":0,"3":0,"4":0},"f":{"0":0},"b":{}}
,"D:\\boilerplate\\src\\casl\\guards\\policies.guard.ts": {"path":"D:\\boilerplate\\src\\casl\\guards\\policies.guard.ts","statementMap":{"0":{"start":{"line":1,"column":0},"end":{"line":1,"column":75}},"1":{"start":{"line":2,"column":0},"end":{"line":2,"column":41}},"2":{"start":{"line":3,"column":0},"end":{"line":3,"column":61}},"3":{"start":{"line":4,"column":0},"end":{"line":4,"column":76}},"4":{"start":{"line":8,"column":7},"end":{"line":34,"column":null}},"5":{"start":{"line":10,"column":12},"end":{"line":10,"column":23}},"6":{"start":{"line":11,"column":12},"end":{"line":11,"column":32}},"7":{"start":{"line":16,"column":6},"end":{"line":19,"column":13}},"8":{"start":{"line":21,"column":20},"end":{"line":21,"column":55}},"9":{"start":{"line":22,"column":17},"end":{"line":22,"column":29}},"10":{"start":{"line":24,"column":4},"end":{"line":26,"column":5}},"11":{"start":{"line":25,"column":6},"end":{"line":25,"column":19}},"12":{"start":{"line":28,"column":20},"end":{"line":28,"column":63}},"13":{"start":{"line":30,"column":4},"end":{"line":32,"column":6}},"14":{"start":{"line":31,"column":6},"end":{"line":31,"column":29}},"15":{"start":{"line":8,"column":13},"end":{"line":8,"column":26}},"16":{"start":{"line":8,"column":13},"end":{"line":34,"column":null}}},"fnMap":{"0":{"name":"(anonymous_2)","decl":{"start":{"line":9,"column":2},"end":{"line":9,"column":null}},"loc":{"start":{"line":11,"column":50},"end":{"line":12,"column":6}}},"1":{"name":"(anonymous_3)","decl":{"start":{"line":14,"column":2},"end":{"line":14,"column":7}},"loc":{"start":{"line":14,"column":45},"end":{"line":33,"column":3}}},"2":{"name":"(anonymous_4)","decl":{"start":{"line":30,"column":32},"end":{"line":30,"column":33}},"loc":{"start":{"line":31,"column":6},"end":{"line":31,"column":29}}}},"branchMap":{"0":{"loc":{"start":{"line":16,"column":6},"end":{"line":19,"column":13}},"type":"binary-expr","locations":[{"start":{"line":16,"column":6},"end":{"line":18,"column":null}},{"start":{"line":19,"column":11},"end":{"line":19,"column":13}}]},"1":{"loc":{"start":{"line":24,"column":4},"end":{"line":26,"column":5}},"type":"if","locations":[{"start":{"line":24,"column":4},"end":{"line":26,"column":5}}]}},"s":{"0":0,"1":0,"2":0,"3":0,"4":0,"5":0,"6":0,"7":0,"8":0,"9":0,"10":0,"11":0,"12":0,"13":0,"14":0,"15":0,"16":0},"f":{"0":0,"1":0,"2":0},"b":{"0":[0,0],"1":[0]}}
,"D:\\boilerplate\\src\\casl\\interfaces\\policy-handler.interface.ts": {"path":"D:\\boilerplate\\src\\casl\\interfaces\\policy-handler.interface.ts","statementMap":{"0":{"start":{"line":10,"column":22},"end":{"line":10,"column":53}},"1":{"start":{"line":13,"column":4},"end":{"line":13,"column":34}},"2":{"start":{"line":9,"column":0},"end":{"line":9,"column":13}}},"fnMap":{"0":{"name":"(anonymous_0)","decl":{"start":{"line":10,"column":2},"end":{"line":10,"column":22}},"loc":{"start":{"line":10,"column":53},"end":{"line":10,"column":57}}},"1":{"name":"(anonymous_1)","decl":{"start":{"line":12,"column":2},"end":{"line":12,"column":8}},"loc":{"start":{"line":12,"column":28},"end":{"line":14,"column":3}}}},"branchMap":{},"s":{"0":0,"1":0,"2":0},"f":{"0":0,"1":0},"b":{}}
,"D:\\boilerplate\\src\\common\\dto\\pagination.dto.ts": {"path":"D:\\boilerplate\\src\\common\\dto\\pagination.dto.ts","statementMap":{"0":{"start":{"line":1,"column":0},"end":{"line":1,"column":87}},"1":{"start":{"line":2,"column":0},"end":{"line":2,"column":54}},"2":{"start":{"line":9,"column":2},"end":{"line":9,"column":20}},"3":{"start":{"line":16,"column":2},"end":{"line":16,"column":22}},"4":{"start":{"line":21,"column":2},"end":{"line":21,"column":32}},"5":{"start":{"line":26,"column":2},"end":{"line":26,"column":38}},"6":{"start":{"line":34,"column":4},"end":{"line":34,"column":40}},"7":{"start":{"line":38,"column":4},"end":{"line":38,"column":22}},"8":{"start":{"line":42,"column":4},"end":{"line":44,"column":6}},"9":{"start":{"line":4,"column":0},"end":{"line":4,"column":13}},"10":{"start":{"line":9,"column":2},"end":{"line":9,"column":null}},"11":{"start":{"line":16,"column":2},"end":{"line":16,"column":null}},"12":{"start":{"line":21,"column":2},"end":{"line":21,"column":null}},"13":{"start":{"line":26,"column":2},"end":{"line":26,"column":null}},"14":{"start":{"line":31,"column":2},"end":{"line":31,"column":null}}},"fnMap":{"0":{"name":"(anonymous_2)","decl":{"start":{"line":4,"column":0},"end":{"line":4,"column":13}},"loc":{"start":{"line":4,"column":0},"end":{"line":46,"column":1}}},"1":{"name":"(anonymous_3)","decl":{"start":{"line":33,"column":2},"end":{"line":33,"column":6}},"loc":{"start":{"line":33,"column":10},"end":{"line":35,"column":3}}},"2":{"name":"(anonymous_4)","decl":{"start":{"line":37,"column":2},"end":{"line":37,"column":6}},"loc":{"start":{"line":37,"column":10},"end":{"line":39,"column":3}}},"3":{"name":"(anonymous_5)","decl":{"start":{"line":41,"column":2},"end":{"line":41,"column":6}},"loc":{"start":{"line":41,"column":13},"end":{"line":45,"column":3}}}},"branchMap":{},"s":{"0":0,"1":0,"2":0,"3":0,"4":0,"5":0,"6":0,"7":0,"8":0,"9":0,"10":0,"11":0,"12":0,"13":0,"14":0},"f":{"0":0,"1":0,"2":0,"3":0},"b":{}}
,"D:\\boilerplate\\src\\common\\filters\\http-exception.filter.ts": {"path":"D:\\boilerplate\\src\\common\\filters\\http-exception.filter.ts","statementMap":{"0":{"start":{"line":1,"column":0},"end":{"line":1,"column":null}},"1":{"start":{"line":11,"column":7},"end":{"line":31,"column":null}},"2":{"start":{"line":13,"column":16},"end":{"line":13,"column":35}},"3":{"start":{"line":14,"column":21},"end":{"line":14,"column":48}},"4":{"start":{"line":15,"column":20},"end":{"line":15,"column":45}},"5":{"start":{"line":16,"column":19},"end":{"line":16,"column":40}},"6":{"start":{"line":18,"column":30},"end":{"line":18,"column":53}},"7":{"start":{"line":20,"column":6},"end":{"line":22,"column":71}},"8":{"start":{"line":24,"column":4},"end":{"line":29,"column":7}},"9":{"start":{"line":11,"column":13},"end":{"line":11,"column":32}},"10":{"start":{"line":11,"column":13},"end":{"line":31,"column":null}}},"fnMap":{"0":{"name":"(anonymous_1)","decl":{"start":{"line":12,"column":2},"end":{"line":12,"column":7}},"loc":{"start":{"line":12,"column":53},"end":{"line":30,"column":3}}}},"branchMap":{"0":{"loc":{"start":{"line":20,"column":6},"end":{"line":22,"column":71}},"type":"cond-expr","locations":[{"start":{"line":21,"column":10},"end":{"line":21,"column":27}},{"start":{"line":22,"column":11},"end":{"line":22,"column":71}}]},"1":{"loc":{"start":{"line":22,"column":11},"end":{"line":22,"column":71}},"type":"binary-expr","locations":[{"start":{"line":22,"column":11},"end":{"line":22,"column":44}},{"start":{"line":22,"column":48},"end":{"line":22,"column":71}}]}},"s":{"0":0,"1":0,"2":0,"3":0,"4":0,"5":0,"6":0,"7":0,"8":0,"9":0,"10":0},"f":{"0":0},"b":{"0":[0,0],"1":[0,0]}}
,"D:\\boilerplate\\src\\permissions\\permissions.controller.ts": {"path":"D:\\boilerplate\\src\\permissions\\permissions.controller.ts","statementMap":{"0":{"start":{"line":1,"column":0},"end":{"line":1,"column":null}},"1":{"start":{"line":13,"column":0},"end":{"line":13,"column":84}},"2":{"start":{"line":14,"column":0},"end":{"line":14,"column":59}},"3":{"start":{"line":15,"column":0},"end":{"line":15,"column":87}},"4":{"start":{"line":16,"column":0},"end":{"line":16,"column":61}},"5":{"start":{"line":17,"column":0},"end":{"line":17,"column":68}},"6":{"start":{"line":18,"column":0},"end":{"line":18,"column":75}},"7":{"start":{"line":19,"column":0},"end":{"line":19,"column":61}},"8":{"start":{"line":25,"column":7},"end":{"line":71,"column":null}},"9":{"start":{"line":26,"column":31},"end":{"line":26,"column":51}},"10":{"start":{"line":34,"column":4},"end":{"line":34,"column":63}},"11":{"start":{"line":41,"column":4},"end":{"line":41,"column":55}},"12":{"start":{"line":48,"column":4},"end":{"line":48,"column":47}},"13":{"start":{"line":60,"column":4},"end":{"line":60,"column":67}},"14":{"start":{"line":69,"column":4},"end":{"line":69,"column":46}},"15":{"start":{"line":25,"column":13},"end":{"line":25,"column":34}},"16":{"start":{"line":33,"column":8},"end":{"line":35,"column":null}},"17":{"start":{"line":40,"column":8},"end":{"line":42,"column":null}},"18":{"start":{"line":47,"column":8},"end":{"line":49,"column":null}},"19":{"start":{"line":56,"column":8},"end":{"line":61,"column":null}},"20":{"start":{"line":68,"column":8},"end":{"line":70,"column":null}},"21":{"start":{"line":25,"column":13},"end":{"line":71,"column":null}}},"fnMap":{"0":{"name":"(anonymous_4)","decl":{"start":{"line":26,"column":2},"end":{"line":26,"column":31}},"loc":{"start":{"line":26,"column":69},"end":{"line":26,"column":73}}},"1":{"name":"(anonymous_5)","decl":{"start":{"line":33,"column":2},"end":{"line":33,"column":7}},"loc":{"start":{"line":33,"column":63},"end":{"line":35,"column":3}}},"2":{"name":"(anonymous_6)","decl":{"start":{"line":40,"column":2},"end":{"line":40,"column":7}},"loc":{"start":{"line":40,"column":50},"end":{"line":42,"column":3}}},"3":{"name":"(anonymous_7)","decl":{"start":{"line":47,"column":2},"end":{"line":47,"column":7}},"loc":{"start":{"line":47,"column":39},"end":{"line":49,"column":3}}},"4":{"name":"(anonymous_8)","decl":{"start":{"line":56,"column":2},"end":{"line":56,"column":7}},"loc":{"start":{"line":58,"column":52},"end":{"line":61,"column":3}}},"5":{"name":"(anonymous_9)","decl":{"start":{"line":68,"column":2},"end":{"line":68,"column":7}},"loc":{"start":{"line":68,"column":38},"end":{"line":70,"column":3}}}},"branchMap":{},"s":{"0":0,"1":0,"2":0,"3":0,"4":0,"5":0,"6":0,"7":0,"8":0,"9":0,"10":0,"11":0,"12":0,"13":0,"14":0,"15":0,"16":0,"17":0,"18":0,"19":0,"20":0,"21":0},"f":{"0":0,"1":0,"2":0,"3":0,"4":0,"5":0},"b":{}}
,"D:\\boilerplate\\src\\permissions\\permissions.module.ts": {"path":"D:\\boilerplate\\src\\permissions\\permissions.module.ts","statementMap":{"0":{"start":{"line":1,"column":0},"end":{"line":1,"column":40}},"1":{"start":{"line":2,"column":0},"end":{"line":2,"column":59}},"2":{"start":{"line":3,"column":0},"end":{"line":3,"column":65}},"3":{"start":{"line":4,"column":0},"end":{"line":4,"column":55}},"4":{"start":{"line":5,"column":0},"end":{"line":5,"column":52}},"5":{"start":{"line":13,"column":7},"end":{"line":13,"column":null}},"6":{"start":{"line":13,"column":13},"end":{"line":13,"column":30}},"7":{"start":{"line":13,"column":13},"end":{"line":13,"column":null}}},"fnMap":{},"branchMap":{},"s":{"0":0,"1":0,"2":0,"3":0,"4":0,"5":0,"6":0,"7":0},"f":{},"b":{}}
,"D:\\boilerplate\\src\\permissions\\permissions.service.ts": {"path":"D:\\boilerplate\\src\\permissions\\permissions.service.ts","statementMap":{"0":{"start":{"line":1,"column":0},"end":{"line":1,"column":82}},"1":{"start":{"line":2,"column":0},"end":{"line":2,"column":57}},"2":{"start":{"line":7,"column":7},"end":{"line":117,"column":null}},"3":{"start":{"line":8,"column":22},"end":{"line":8,"column":30}},"4":{"start":{"line":11,"column":31},"end":{"line":18,"column":6}},"5":{"start":{"line":20,"column":4},"end":{"line":22,"column":5}},"6":{"start":{"line":21,"column":6},"end":{"line":21,"column":63}},"7":{"start":{"line":24,"column":4},"end":{"line":26,"column":7}},"8":{"start":{"line":30,"column":44},"end":{"line":30,"column":54}},"9":{"start":{"line":32,"column":18},"end":{"line":37,"column":10}},"10":{"start":{"line":39,"column":26},"end":{"line":47,"column":6}},"11":{"start":{"line":49,"column":4},"end":{"line":59,"column":6}},"12":{"start":{"line":63,"column":23},"end":{"line":65,"column":6}},"13":{"start":{"line":67,"column":4},"end":{"line":69,"column":5}},"14":{"start":{"line":68,"column":6},"end":{"line":68,"column":58}},"15":{"start":{"line":71,"column":4},"end":{"line":71,"column":22}},"16":{"start":{"line":75,"column":23},"end":{"line":77,"column":6}},"17":{"start":{"line":79,"column":4},"end":{"line":81,"column":5}},"18":{"start":{"line":80,"column":6},"end":{"line":80,"column":58}},"19":{"start":{"line":83,"column":4},"end":{"line":96,"column":5}},"20":{"start":{"line":84,"column":33},"end":{"line":91,"column":8}},"21":{"start":{"line":93,"column":6},"end":{"line":95,"column":7}},"22":{"start":{"line":94,"column":8},"end":{"line":94,"column":65}},"23":{"start":{"line":98,"column":4},"end":{"line":101,"column":7}},"24":{"start":{"line":105,"column":23},"end":{"line":107,"column":6}},"25":{"start":{"line":109,"column":4},"end":{"line":111,"column":5}},"26":{"start":{"line":110,"column":6},"end":{"line":110,"column":58}},"27":{"start":{"line":113,"column":4},"end":{"line":115,"column":7}},"28":{"start":{"line":7,"column":13},"end":{"line":7,"column":31}},"29":{"start":{"line":7,"column":13},"end":{"line":117,"column":null}}},"fnMap":{"0":{"name":"(anonymous_2)","decl":{"start":{"line":8,"column":2},"end":{"line":8,"column":22}},"loc":{"start":{"line":8,"column":43},"end":{"line":8,"column":47}}},"1":{"name":"(anonymous_3)","decl":{"start":{"line":10,"column":2},"end":{"line":10,"column":7}},"loc":{"start":{"line":10,"column":55},"end":{"line":27,"column":3}}},"2":{"name":"(anonymous_4)","decl":{"start":{"line":29,"column":2},"end":{"line":29,"column":7}},"loc":{"start":{"line":29,"column":41},"end":{"line":60,"column":3}}},"3":{"name":"(anonymous_5)","decl":{"start":{"line":62,"column":2},"end":{"line":62,"column":7}},"loc":{"start":{"line":62,"column":26},"end":{"line":72,"column":3}}},"4":{"name":"(anonymous_6)","decl":{"start":{"line":74,"column":2},"end":{"line":74,"column":7}},"loc":{"start":{"line":74,"column":67},"end":{"line":102,"column":3}}},"5":{"name":"(anonymous_7)","decl":{"start":{"line":104,"column":2},"end":{"line":104,"column":7}},"loc":{"start":{"line":104,"column":25},"end":{"line":116,"column":3}}}},"branchMap":{"0":{"loc":{"start":{"line":20,"column":4},"end":{"line":22,"column":5}},"type":"if","locations":[{"start":{"line":20,"column":4},"end":{"line":22,"column":5}}]},"1":{"loc":{"start":{"line":32,"column":18},"end":{"line":37,"column":10}},"type":"cond-expr","locations":[{"start":{"line":32,"column":27},"end":{"line":37,"column":6}},{"start":{"line":37,"column":8},"end":{"line":37,"column":10}}]},"2":{"loc":{"start":{"line":67,"column":4},"end":{"line":69,"column":5}},"type":"if","locations":[{"start":{"line":67,"column":4},"end":{"line":69,"column":5}}]},"3":{"loc":{"start":{"line":79,"column":4},"end":{"line":81,"column":5}},"type":"if","locations":[{"start":{"line":79,"column":4},"end":{"line":81,"column":5}}]},"4":{"loc":{"start":{"line":83,"column":4},"end":{"line":96,"column":5}},"type":"if","locations":[{"start":{"line":83,"column":4},"end":{"line":96,"column":5}}]},"5":{"loc":{"start":{"line":83,"column":8},"end":{"line":83,"column":65}},"type":"binary-expr","locations":[{"start":{"line":83,"column":8},"end":{"line":83,"column":34}},{"start":{"line":83,"column":38},"end":{"line":83,"column":65}}]},"6":{"loc":{"start":{"line":93,"column":6},"end":{"line":95,"column":7}},"type":"if","locations":[{"start":{"line":93,"column":6},"end":{"line":95,"column":7}}]},"7":{"loc":{"start":{"line":93,"column":10},"end":{"line":93,"column":60}},"type":"binary-expr","locations":[{"start":{"line":93,"column":10},"end":{"line":93,"column":28}},{"start":{"line":93,"column":32},"end":{"line":93,"column":60}}]},"8":{"loc":{"start":{"line":109,"column":4},"end":{"line":111,"column":5}},"type":"if","locations":[{"start":{"line":109,"column":4},"end":{"line":111,"column":5}}]}},"s":{"0":0,"1":0,"2":0,"3":0,"4":0,"5":0,"6":0,"7":0,"8":0,"9":0,"10":0,"11":0,"12":0,"13":0,"14":0,"15":0,"16":0,"17":0,"18":0,"19":0,"20":0,"21":0,"22":0,"23":0,"24":0,"25":0,"26":0,"27":0,"28":0,"29":0},"f":{"0":0,"1":0,"2":0,"3":0,"4":0,"5":0},"b":{"0":[0],"1":[0,0],"2":[0],"3":[0],"4":[0],"5":[0,0],"6":[0],"7":[0,0],"8":[0]}}
,"D:\\boilerplate\\src\\permissions\\dto\\create-permission.dto.ts": {"path":"D:\\boilerplate\\src\\permissions\\dto\\create-permission.dto.ts","statementMap":{"0":{"start":{"line":1,"column":0},"end":{"line":1,"column":75}},"1":{"start":{"line":2,"column":0},"end":{"line":2,"column":46}},"2":{"start":{"line":4,"column":0},"end":{"line":4,"column":null}},"3":{"start":{"line":5,"column":2},"end":{"line":5,"column":null}},"4":{"start":{"line":6,"column":2},"end":{"line":6,"column":null}},"5":{"start":{"line":7,"column":2},"end":{"line":7,"column":null}},"6":{"start":{"line":8,"column":2},"end":{"line":8,"column":null}},"7":{"start":{"line":9,"column":2},"end":{"line":9,"column":null}},"8":{"start":{"line":12,"column":0},"end":{"line":12,"column":13}},"9":{"start":{"line":19,"column":2},"end":{"line":19,"column":null}},"10":{"start":{"line":27,"column":2},"end":{"line":27,"column":null}},"11":{"start":{"line":30,"column":0},"end":{"line":30,"column":13}},"12":{"start":{"line":39,"column":2},"end":{"line":39,"column":null}},"13":{"start":{"line":49,"column":2},"end":{"line":49,"column":null}}},"fnMap":{"0":{"name":"(anonymous_2)","decl":{"start":{"line":4,"column":0},"end":{"line":4,"column":12}},"loc":{"start":{"line":4,"column":18},"end":{"line":10,"column":1}}}},"branchMap":{"0":{"loc":{"start":{"line":4,"column":12},"end":{"line":4,"column":null}},"type":"binary-expr","locations":[{"start":{"line":4,"column":12},"end":{"line":4,"column":18}},{"start":{"line":4,"column":18},"end":{"line":4,"column":null}}]}},"s":{"0":0,"1":0,"2":0,"3":0,"4":0,"5":0,"6":0,"7":0,"8":0,"9":0,"10":0,"11":0,"12":0,"13":0},"f":{"0":0},"b":{"0":[0,0]}}
,"D:\\boilerplate\\src\\prisma\\prisma.module.ts": {"path":"D:\\boilerplate\\src\\prisma\\prisma.module.ts","statementMap":{"0":{"start":{"line":1,"column":0},"end":{"line":1,"column":40}},"1":{"start":{"line":2,"column":0},"end":{"line":2,"column":49}},"2":{"start":{"line":3,"column":0},"end":{"line":3,"column":64}},"3":{"start":{"line":9,"column":7},"end":{"line":9,"column":null}},"4":{"start":{"line":9,"column":13},"end":{"line":9,"column":25}},"5":{"start":{"line":9,"column":13},"end":{"line":9,"column":null}}},"fnMap":{},"branchMap":{},"s":{"0":0,"1":0,"2":0,"3":0,"4":0,"5":0},"f":{},"b":{}}
,"D:\\boilerplate\\src\\prisma\\prisma.service.ts": {"path":"D:\\boilerplate\\src\\prisma\\prisma.service.ts","statementMap":{"0":{"start":{"line":1,"column":0},"end":{"line":1,"column":75}},"1":{"start":{"line":2,"column":0},"end":{"line":2,"column":46}},"2":{"start":{"line":5,"column":7},"end":{"line":16,"column":null}},"3":{"start":{"line":10,"column":4},"end":{"line":10,"column":26}},"4":{"start":{"line":14,"column":4},"end":{"line":14,"column":29}},"5":{"start":{"line":5,"column":13},"end":{"line":5,"column":26}},"6":{"start":{"line":5,"column":13},"end":{"line":16,"column":null}}},"fnMap":{"0":{"name":"(anonymous_1)","decl":{"start":{"line":9,"column":2},"end":{"line":9,"column":7}},"loc":{"start":{"line":9,"column":20},"end":{"line":11,"column":3}}},"1":{"name":"(anonymous_2)","decl":{"start":{"line":13,"column":2},"end":{"line":13,"column":7}},"loc":{"start":{"line":13,"column":23},"end":{"line":15,"column":3}}}},"branchMap":{},"s":{"0":1,"1":1,"2":1,"3":0,"4":0,"5":1,"6":1},"f":{"0":0,"1":0},"b":{}}
,"D:\\boilerplate\\src\\prisma\\tenant-prisma.provider.ts": {"path":"D:\\boilerplate\\src\\prisma\\tenant-prisma.provider.ts","statementMap":{"0":{"start":{"line":1,"column":0},"end":{"line":1,"column":59}},"1":{"start":{"line":2,"column":0},"end":{"line":2,"column":39}},"2":{"start":{"line":3,"column":0},"end":{"line":3,"column":46}},"3":{"start":{"line":7,"column":7},"end":{"line":40,"column":null}},"4":{"start":{"line":9,"column":4},"end":{"line":9,"column":12}},"5":{"start":{"line":8,"column":39},"end":{"line":8,"column":55}},"6":{"start":{"line":10,"column":4},"end":{"line":10,"column":38}},"7":{"start":{"line":14,"column":21},"end":{"line":14,"column":66}},"8":{"start":{"line":16,"column":4},"end":{"line":18,"column":5}},"9":{"start":{"line":17,"column":6},"end":{"line":17,"column":47}},"10":{"start":{"line":21,"column":24},"end":{"line":21,"column":48}},"11":{"start":{"line":22,"column":4},"end":{"line":24,"column":5}},"12":{"start":{"line":23,"column":6},"end":{"line":23,"column":53}},"13":{"start":{"line":26,"column":30},"end":{"line":26,"column":65}},"14":{"start":{"line":29,"column":25},"end":{"line":35,"column":6}},"15":{"start":{"line":38,"column":4},"end":{"line":38,"column":38}},"16":{"start":{"line":7,"column":13},"end":{"line":7,"column":33}},"17":{"start":{"line":7,"column":13},"end":{"line":40,"column":null}}},"fnMap":{"0":{"name":"(anonymous_4)","decl":{"start":{"line":8,"column":2},"end":{"line":8,"column":15}},"loc":{"start":{"line":8,"column":55},"end":{"line":11,"column":3}}},"1":{"name":"(anonymous_5)","decl":{"start":{"line":13,"column":10},"end":{"line":13,"column":15}},"loc":{"start":{"line":13,"column":42},"end":{"line":39,"column":3}}}},"branchMap":{"0":{"loc":{"start":{"line":16,"column":4},"end":{"line":18,"column":5}},"type":"if","locations":[{"start":{"line":16,"column":4},"end":{"line":18,"column":5}}]},"1":{"loc":{"start":{"line":22,"column":4},"end":{"line":24,"column":5}},"type":"if","locations":[{"start":{"line":22,"column":4},"end":{"line":24,"column":5}}]}},"s":{"0":0,"1":0,"2":0,"3":0,"4":0,"5":0,"6":0,"7":0,"8":0,"9":0,"10":0,"11":0,"12":0,"13":0,"14":0,"15":0,"16":0,"17":0},"f":{"0":0,"1":0},"b":{"0":[0],"1":[0]}}
,"D:\\boilerplate\\src\\roles\\roles.controller.ts": {"path":"D:\\boilerplate\\src\\roles\\roles.controller.ts","statementMap":{"0":{"start":{"line":1,"column":0},"end":{"line":1,"column":null}},"1":{"start":{"line":13,"column":0},"end":{"line":13,"column":84}},"2":{"start":{"line":14,"column":0},"end":{"line":14,"column":47}},"3":{"start":{"line":15,"column":0},"end":{"line":15,"column":69}},"4":{"start":{"line":16,"column":0},"end":{"line":16,"column":61}},"5":{"start":{"line":17,"column":0},"end":{"line":17,"column":68}},"6":{"start":{"line":18,"column":0},"end":{"line":18,"column":75}},"7":{"start":{"line":19,"column":0},"end":{"line":19,"column":61}},"8":{"start":{"line":25,"column":7},"end":{"line":71,"column":null}},"9":{"start":{"line":26,"column":31},"end":{"line":26,"column":45}},"10":{"start":{"line":34,"column":4},"end":{"line":34,"column":51}},"11":{"start":{"line":41,"column":4},"end":{"line":41,"column":49}},"12":{"start":{"line":48,"column":4},"end":{"line":48,"column":41}},"13":{"start":{"line":60,"column":4},"end":{"line":60,"column":55}},"14":{"start":{"line":69,"column":4},"end":{"line":69,"column":40}},"15":{"start":{"line":25,"column":13},"end":{"line":25,"column":28}},"16":{"start":{"line":33,"column":8},"end":{"line":35,"column":null}},"17":{"start":{"line":40,"column":8},"end":{"line":42,"column":null}},"18":{"start":{"line":47,"column":8},"end":{"line":49,"column":null}},"19":{"start":{"line":56,"column":8},"end":{"line":61,"column":null}},"20":{"start":{"line":68,"column":8},"end":{"line":70,"column":null}},"21":{"start":{"line":25,"column":13},"end":{"line":71,"column":null}}},"fnMap":{"0":{"name":"(anonymous_4)","decl":{"start":{"line":26,"column":2},"end":{"line":26,"column":31}},"loc":{"start":{"line":26,"column":57},"end":{"line":26,"column":61}}},"1":{"name":"(anonymous_5)","decl":{"start":{"line":33,"column":2},"end":{"line":33,"column":7}},"loc":{"start":{"line":33,"column":51},"end":{"line":35,"column":3}}},"2":{"name":"(anonymous_6)","decl":{"start":{"line":40,"column":2},"end":{"line":40,"column":7}},"loc":{"start":{"line":40,"column":50},"end":{"line":42,"column":3}}},"3":{"name":"(anonymous_7)","decl":{"start":{"line":47,"column":2},"end":{"line":47,"column":7}},"loc":{"start":{"line":47,"column":39},"end":{"line":49,"column":3}}},"4":{"name":"(anonymous_8)","decl":{"start":{"line":56,"column":2},"end":{"line":56,"column":7}},"loc":{"start":{"line":58,"column":40},"end":{"line":61,"column":3}}},"5":{"name":"(anonymous_9)","decl":{"start":{"line":68,"column":2},"end":{"line":68,"column":7}},"loc":{"start":{"line":68,"column":38},"end":{"line":70,"column":3}}}},"branchMap":{},"s":{"0":0,"1":0,"2":0,"3":0,"4":0,"5":0,"6":0,"7":0,"8":0,"9":0,"10":0,"11":0,"12":0,"13":0,"14":0,"15":0,"16":0,"17":0,"18":0,"19":0,"20":0,"21":0},"f":{"0":0,"1":0,"2":0,"3":0,"4":0,"5":0},"b":{}}
,"D:\\boilerplate\\src\\roles\\roles.module.ts": {"path":"D:\\boilerplate\\src\\roles\\roles.module.ts","statementMap":{"0":{"start":{"line":1,"column":0},"end":{"line":1,"column":40}},"1":{"start":{"line":2,"column":0},"end":{"line":2,"column":47}},"2":{"start":{"line":3,"column":0},"end":{"line":3,"column":53}},"3":{"start":{"line":4,"column":0},"end":{"line":4,"column":55}},"4":{"start":{"line":5,"column":0},"end":{"line":5,"column":52}},"5":{"start":{"line":13,"column":7},"end":{"line":13,"column":null}},"6":{"start":{"line":13,"column":13},"end":{"line":13,"column":24}},"7":{"start":{"line":13,"column":13},"end":{"line":13,"column":null}}},"fnMap":{},"branchMap":{},"s":{"0":0,"1":0,"2":0,"3":0,"4":0,"5":0,"6":0,"7":0},"f":{},"b":{}}
,"D:\\boilerplate\\src\\roles\\roles.service.ts": {"path":"D:\\boilerplate\\src\\roles\\roles.service.ts","statementMap":{"0":{"start":{"line":1,"column":0},"end":{"line":1,"column":82}},"1":{"start":{"line":2,"column":0},"end":{"line":2,"column":57}},"2":{"start":{"line":7,"column":7},"end":{"line":121,"column":null}},"3":{"start":{"line":8,"column":22},"end":{"line":8,"column":30}},"4":{"start":{"line":11,"column":25},"end":{"line":13,"column":6}},"5":{"start":{"line":15,"column":4},"end":{"line":17,"column":5}},"6":{"start":{"line":16,"column":6},"end":{"line":16,"column":57}},"7":{"start":{"line":19,"column":4},"end":{"line":27,"column":7}},"8":{"start":{"line":23,"column":58},"end":{"line":23,"column":64}},"9":{"start":{"line":31,"column":44},"end":{"line":31,"column":54}},"10":{"start":{"line":33,"column":18},"end":{"line":38,"column":10}},"11":{"start":{"line":40,"column":26},"end":{"line":49,"column":6}},"12":{"start":{"line":51,"column":4},"end":{"line":61,"column":6}},"13":{"start":{"line":65,"column":17},"end":{"line":68,"column":6}},"14":{"start":{"line":70,"column":4},"end":{"line":72,"column":5}},"15":{"start":{"line":71,"column":6},"end":{"line":71,"column":52}},"16":{"start":{"line":74,"column":4},"end":{"line":74,"column":16}},"17":{"start":{"line":78,"column":17},"end":{"line":80,"column":6}},"18":{"start":{"line":82,"column":4},"end":{"line":84,"column":5}},"19":{"start":{"line":83,"column":6},"end":{"line":83,"column":52}},"20":{"start":{"line":86,"column":4},"end":{"line":94,"column":5}},"21":{"start":{"line":87,"column":27},"end":{"line":89,"column":8}},"22":{"start":{"line":91,"column":6},"end":{"line":93,"column":7}},"23":{"start":{"line":92,"column":8},"end":{"line":92,"column":64}},"24":{"start":{"line":96,"column":4},"end":{"line":105,"column":7}},"25":{"start":{"line":101,"column":54},"end":{"line":101,"column":60}},"26":{"start":{"line":109,"column":17},"end":{"line":111,"column":6}},"27":{"start":{"line":113,"column":4},"end":{"line":115,"column":5}},"28":{"start":{"line":114,"column":6},"end":{"line":114,"column":52}},"29":{"start":{"line":117,"column":4},"end":{"line":119,"column":7}},"30":{"start":{"line":7,"column":13},"end":{"line":7,"column":25}},"31":{"start":{"line":7,"column":13},"end":{"line":121,"column":null}}},"fnMap":{"0":{"name":"(anonymous_2)","decl":{"start":{"line":8,"column":2},"end":{"line":8,"column":22}},"loc":{"start":{"line":8,"column":43},"end":{"line":8,"column":47}}},"1":{"name":"(anonymous_3)","decl":{"start":{"line":10,"column":2},"end":{"line":10,"column":7}},"loc":{"start":{"line":10,"column":43},"end":{"line":28,"column":3}}},"2":{"name":"(anonymous_4)","decl":{"start":{"line":23,"column":51},"end":{"line":23,"column":53}},"loc":{"start":{"line":23,"column":58},"end":{"line":23,"column":64}}},"3":{"name":"(anonymous_5)","decl":{"start":{"line":30,"column":2},"end":{"line":30,"column":7}},"loc":{"start":{"line":30,"column":41},"end":{"line":62,"column":3}}},"4":{"name":"(anonymous_6)","decl":{"start":{"line":64,"column":2},"end":{"line":64,"column":7}},"loc":{"start":{"line":64,"column":26},"end":{"line":75,"column":3}}},"5":{"name":"(anonymous_7)","decl":{"start":{"line":77,"column":2},"end":{"line":77,"column":7}},"loc":{"start":{"line":77,"column":55},"end":{"line":106,"column":3}}},"6":{"name":"(anonymous_8)","decl":{"start":{"line":101,"column":47},"end":{"line":101,"column":49}},"loc":{"start":{"line":101,"column":54},"end":{"line":101,"column":60}}},"7":{"name":"(anonymous_9)","decl":{"start":{"line":108,"column":2},"end":{"line":108,"column":7}},"loc":{"start":{"line":108,"column":25},"end":{"line":120,"column":3}}}},"branchMap":{"0":{"loc":{"start":{"line":15,"column":4},"end":{"line":17,"column":5}},"type":"if","locations":[{"start":{"line":15,"column":4},"end":{"line":17,"column":5}}]},"1":{"loc":{"start":{"line":22,"column":21},"end":{"line":24,"column":21}},"type":"cond-expr","locations":[{"start":{"line":22,"column":51},"end":{"line":24,"column":10}},{"start":{"line":24,"column":12},"end":{"line":24,"column":21}}]},"2":{"loc":{"start":{"line":33,"column":18},"end":{"line":38,"column":10}},"type":"cond-expr","locations":[{"start":{"line":33,"column":27},"end":{"line":38,"column":6}},{"start":{"line":38,"column":8},"end":{"line":38,"column":10}}]},"3":{"loc":{"start":{"line":70,"column":4},"end":{"line":72,"column":5}},"type":"if","locations":[{"start":{"line":70,"column":4},"end":{"line":72,"column":5}}]},"4":{"loc":{"start":{"line":82,"column":4},"end":{"line":84,"column":5}},"type":"if","locations":[{"start":{"line":82,"column":4},"end":{"line":84,"column":5}}]},"5":{"loc":{"start":{"line":86,"column":4},"end":{"line":94,"column":5}},"type":"if","locations":[{"start":{"line":86,"column":4},"end":{"line":94,"column":5}}]},"6":{"loc":{"start":{"line":86,"column":8},"end":{"line":86,"column":62}},"type":"binary-expr","locations":[{"start":{"line":86,"column":8},"end":{"line":86,"column":26}},{"start":{"line":86,"column":30},"end":{"line":86,"column":62}}]},"7":{"loc":{"start":{"line":91,"column":6},"end":{"line":93,"column":7}},"type":"if","locations":[{"start":{"line":91,"column":6},"end":{"line":93,"column":7}}]},"8":{"loc":{"start":{"line":100,"column":21},"end":{"line":102,"column":21}},"type":"cond-expr","locations":[{"start":{"line":100,"column":51},"end":{"line":102,"column":10}},{"start":{"line":102,"column":12},"end":{"line":102,"column":21}}]},"9":{"loc":{"start":{"line":113,"column":4},"end":{"line":115,"column":5}},"type":"if","locations":[{"start":{"line":113,"column":4},"end":{"line":115,"column":5}}]}},"s":{"0":0,"1":0,"2":0,"3":0,"4":0,"5":0,"6":0,"7":0,"8":0,"9":0,"10":0,"11":0,"12":0,"13":0,"14":0,"15":0,"16":0,"17":0,"18":0,"19":0,"20":0,"21":0,"22":0,"23":0,"24":0,"25":0,"26":0,"27":0,"28":0,"29":0,"30":0,"31":0},"f":{"0":0,"1":0,"2":0,"3":0,"4":0,"5":0,"6":0,"7":0},"b":{"0":[0],"1":[0,0],"2":[0,0],"3":[0],"4":[0],"5":[0],"6":[0,0],"7":[0],"8":[0,0],"9":[0]}}
,"D:\\boilerplate\\src\\roles\\dto\\create-role.dto.ts": {"path":"D:\\boilerplate\\src\\roles\\dto\\create-role.dto.ts","statementMap":{"0":{"start":{"line":1,"column":0},"end":{"line":1,"column":76}},"1":{"start":{"line":2,"column":0},"end":{"line":2,"column":46}},"2":{"start":{"line":4,"column":0},"end":{"line":4,"column":13}},"3":{"start":{"line":11,"column":2},"end":{"line":11,"column":null}},"4":{"start":{"line":21,"column":2},"end":{"line":21,"column":null}},"5":{"start":{"line":24,"column":0},"end":{"line":24,"column":13}},"6":{"start":{"line":33,"column":2},"end":{"line":33,"column":null}},"7":{"start":{"line":43,"column":2},"end":{"line":43,"column":null}}},"fnMap":{},"branchMap":{},"s":{"0":0,"1":0,"2":0,"3":0,"4":0,"5":0,"6":0,"7":0},"f":{},"b":{}}
,"D:\\boilerplate\\src\\tenants\\tenants.controller.ts": {"path":"D:\\boilerplate\\src\\tenants\\tenants.controller.ts","statementMap":{"0":{"start":{"line":1,"column":0},"end":{"line":1,"column":null}},"1":{"start":{"line":12,"column":0},"end":{"line":12,"column":84}},"2":{"start":{"line":13,"column":0},"end":{"line":13,"column":51}},"3":{"start":{"line":14,"column":0},"end":{"line":14,"column":75}},"4":{"start":{"line":15,"column":0},"end":{"line":15,"column":61}},"5":{"start":{"line":16,"column":0},"end":{"line":16,"column":68}},"6":{"start":{"line":17,"column":0},"end":{"line":17,"column":49}},"7":{"start":{"line":18,"column":0},"end":{"line":18,"column":75}},"8":{"start":{"line":19,"column":0},"end":{"line":19,"column":61}},"9":{"start":{"line":25,"column":7},"end":{"line":71,"column":null}},"10":{"start":{"line":26,"column":31},"end":{"line":26,"column":47}},"11":{"start":{"line":34,"column":4},"end":{"line":34,"column":55}},"12":{"start":{"line":41,"column":4},"end":{"line":41,"column":51}},"13":{"start":{"line":48,"column":4},"end":{"line":48,"column":43}},"14":{"start":{"line":60,"column":4},"end":{"line":60,"column":59}},"15":{"start":{"line":69,"column":4},"end":{"line":69,"column":42}},"16":{"start":{"line":25,"column":13},"end":{"line":25,"column":30}},"17":{"start":{"line":33,"column":8},"end":{"line":35,"column":null}},"18":{"start":{"line":40,"column":8},"end":{"line":42,"column":null}},"19":{"start":{"line":47,"column":8},"end":{"line":49,"column":null}},"20":{"start":{"line":56,"column":8},"end":{"line":61,"column":null}},"21":{"start":{"line":68,"column":8},"end":{"line":70,"column":null}},"22":{"start":{"line":25,"column":13},"end":{"line":71,"column":null}}},"fnMap":{"0":{"name":"(anonymous_4)","decl":{"start":{"line":26,"column":2},"end":{"line":26,"column":31}},"loc":{"start":{"line":26,"column":61},"end":{"line":26,"column":65}}},"1":{"name":"(anonymous_5)","decl":{"start":{"line":33,"column":2},"end":{"line":33,"column":7}},"loc":{"start":{"line":33,"column":55},"end":{"line":35,"column":3}}},"2":{"name":"(anonymous_6)","decl":{"start":{"line":40,"column":2},"end":{"line":40,"column":7}},"loc":{"start":{"line":40,"column":50},"end":{"line":42,"column":3}}},"3":{"name":"(anonymous_7)","decl":{"start":{"line":47,"column":2},"end":{"line":47,"column":7}},"loc":{"start":{"line":47,"column":39},"end":{"line":49,"column":3}}},"4":{"name":"(anonymous_8)","decl":{"start":{"line":56,"column":2},"end":{"line":56,"column":7}},"loc":{"start":{"line":58,"column":44},"end":{"line":61,"column":3}}},"5":{"name":"(anonymous_9)","decl":{"start":{"line":68,"column":2},"end":{"line":68,"column":7}},"loc":{"start":{"line":68,"column":38},"end":{"line":70,"column":3}}}},"branchMap":{},"s":{"0":0,"1":0,"2":0,"3":0,"4":0,"5":0,"6":0,"7":0,"8":0,"9":0,"10":0,"11":0,"12":0,"13":0,"14":0,"15":0,"16":0,"17":0,"18":0,"19":0,"20":0,"21":0,"22":0},"f":{"0":0,"1":0,"2":0,"3":0,"4":0,"5":0},"b":{}}
,"D:\\boilerplate\\src\\tenants\\tenants.module.ts": {"path":"D:\\boilerplate\\src\\tenants\\tenants.module.ts","statementMap":{"0":{"start":{"line":1,"column":0},"end":{"line":1,"column":40}},"1":{"start":{"line":2,"column":0},"end":{"line":2,"column":51}},"2":{"start":{"line":3,"column":0},"end":{"line":3,"column":57}},"3":{"start":{"line":4,"column":0},"end":{"line":4,"column":55}},"4":{"start":{"line":5,"column":0},"end":{"line":5,"column":52}},"5":{"start":{"line":13,"column":7},"end":{"line":13,"column":null}},"6":{"start":{"line":13,"column":13},"end":{"line":13,"column":26}},"7":{"start":{"line":13,"column":13},"end":{"line":13,"column":null}}},"fnMap":{},"branchMap":{},"s":{"0":0,"1":0,"2":0,"3":0,"4":0,"5":0,"6":0,"7":0},"f":{},"b":{}}
,"D:\\boilerplate\\src\\tenants\\tenants.service.ts": {"path":"D:\\boilerplate\\src\\tenants\\tenants.service.ts","statementMap":{"0":{"start":{"line":1,"column":0},"end":{"line":1,"column":65}},"1":{"start":{"line":2,"column":0},"end":{"line":2,"column":57}},"2":{"start":{"line":7,"column":7},"end":{"line":177,"column":null}},"3":{"start":{"line":8,"column":22},"end":{"line":8,"column":30}},"4":{"start":{"line":12,"column":21},"end":{"line":19,"column":6}},"5":{"start":{"line":21,"column":4},"end":{"line":23,"column":5}},"6":{"start":{"line":22,"column":6},"end":{"line":22,"column":76}},"7":{"start":{"line":26,"column":19},"end":{"line":28,"column":6}},"8":{"start":{"line":31,"column":4},"end":{"line":31,"column":58}},"9":{"start":{"line":34,"column":4},"end":{"line":34,"column":62}},"10":{"start":{"line":36,"column":4},"end":{"line":36,"column":18}},"11":{"start":{"line":40,"column":44},"end":{"line":40,"column":54}},"12":{"start":{"line":42,"column":18},"end":{"line":47,"column":10}},"13":{"start":{"line":49,"column":26},"end":{"line":57,"column":6}},"14":{"start":{"line":59,"column":4},"end":{"line":69,"column":6}},"15":{"start":{"line":73,"column":4},"end":{"line":75,"column":7}},"16":{"start":{"line":79,"column":4},"end":{"line":82,"column":7}},"17":{"start":{"line":86,"column":19},"end":{"line":88,"column":6}},"18":{"start":{"line":90,"column":4},"end":{"line":92,"column":5}},"19":{"start":{"line":91,"column":6},"end":{"line":91,"column":56}},"20":{"start":{"line":95,"column":4},"end":{"line":95,"column":47}},"21":{"start":{"line":97,"column":4},"end":{"line":99,"column":7}},"22":{"start":{"line":104,"column":4},"end":{"line":104,"column":87}},"23":{"start":{"line":109,"column":28},"end":{"line":119,"column":6}},"24":{"start":{"line":121,"column":28},"end":{"line":128,"column":6}},"25":{"start":{"line":130,"column":34},"end":{"line":139,"column":6}},"26":{"start":{"line":141,"column":4},"end":{"line":141,"column":57}},"27":{"start":{"line":142,"column":4},"end":{"line":142,"column":57}},"28":{"start":{"line":143,"column":4},"end":{"line":143,"column":63}},"29":{"start":{"line":146,"column":4},"end":{"line":150,"column":7}},"30":{"start":{"line":152,"column":4},"end":{"line":158,"column":7}},"31":{"start":{"line":161,"column":4},"end":{"line":165,"column":7}},"32":{"start":{"line":167,"column":4},"end":{"line":171,"column":7}},"33":{"start":{"line":175,"column":4},"end":{"line":175,"column":89}},"34":{"start":{"line":7,"column":13},"end":{"line":7,"column":27}},"35":{"start":{"line":7,"column":13},"end":{"line":177,"column":null}}},"fnMap":{"0":{"name":"(anonymous_2)","decl":{"start":{"line":8,"column":2},"end":{"line":8,"column":22}},"loc":{"start":{"line":8,"column":43},"end":{"line":8,"column":47}}},"1":{"name":"(anonymous_3)","decl":{"start":{"line":10,"column":2},"end":{"line":10,"column":7}},"loc":{"start":{"line":10,"column":47},"end":{"line":37,"column":3}}},"2":{"name":"(anonymous_4)","decl":{"start":{"line":39,"column":2},"end":{"line":39,"column":7}},"loc":{"start":{"line":39,"column":41},"end":{"line":70,"column":3}}},"3":{"name":"(anonymous_5)","decl":{"start":{"line":72,"column":2},"end":{"line":72,"column":7}},"loc":{"start":{"line":72,"column":26},"end":{"line":76,"column":3}}},"4":{"name":"(anonymous_6)","decl":{"start":{"line":78,"column":2},"end":{"line":78,"column":7}},"loc":{"start":{"line":78,"column":59},"end":{"line":83,"column":3}}},"5":{"name":"(anonymous_7)","decl":{"start":{"line":85,"column":2},"end":{"line":85,"column":7}},"loc":{"start":{"line":85,"column":25},"end":{"line":100,"column":3}}},"6":{"name":"(anonymous_8)","decl":{"start":{"line":102,"column":10},"end":{"line":102,"column":15}},"loc":{"start":{"line":102,"column":53},"end":{"line":105,"column":3}}},"7":{"name":"(anonymous_9)","decl":{"start":{"line":107,"column":10},"end":{"line":107,"column":15}},"loc":{"start":{"line":107,"column":57},"end":{"line":172,"column":3}}},"8":{"name":"(anonymous_10)","decl":{"start":{"line":174,"column":10},"end":{"line":174,"column":15}},"loc":{"start":{"line":174,"column":51},"end":{"line":176,"column":3}}}},"branchMap":{"0":{"loc":{"start":{"line":21,"column":4},"end":{"line":23,"column":5}},"type":"if","locations":[{"start":{"line":21,"column":4},"end":{"line":23,"column":5}}]},"1":{"loc":{"start":{"line":42,"column":18},"end":{"line":47,"column":10}},"type":"cond-expr","locations":[{"start":{"line":42,"column":27},"end":{"line":47,"column":6}},{"start":{"line":47,"column":8},"end":{"line":47,"column":10}}]},"2":{"loc":{"start":{"line":90,"column":4},"end":{"line":92,"column":5}},"type":"if","locations":[{"start":{"line":90,"column":4},"end":{"line":92,"column":5}}]}},"s":{"0":0,"1":0,"2":0,"3":0,"4":0,"5":0,"6":0,"7":0,"8":0,"9":0,"10":0,"11":0,"12":0,"13":0,"14":0,"15":0,"16":0,"17":0,"18":0,"19":0,"20":0,"21":0,"22":0,"23":0,"24":0,"25":0,"26":0,"27":0,"28":0,"29":0,"30":0,"31":0,"32":0,"33":0,"34":0,"35":0},"f":{"0":0,"1":0,"2":0,"3":0,"4":0,"5":0,"6":0,"7":0,"8":0},"b":{"0":[0],"1":[0,0],"2":[0]}}
,"D:\\boilerplate\\src\\tenants\\dto\\create-tenant.dto.ts": {"path":"D:\\boilerplate\\src\\tenants\\dto\\create-tenant.dto.ts","statementMap":{"0":{"start":{"line":1,"column":0},"end":{"line":1,"column":55}},"1":{"start":{"line":2,"column":0},"end":{"line":2,"column":46}},"2":{"start":{"line":4,"column":0},"end":{"line":4,"column":13}},"3":{"start":{"line":11,"column":2},"end":{"line":11,"column":null}},"4":{"start":{"line":19,"column":2},"end":{"line":19,"column":null}},"5":{"start":{"line":22,"column":0},"end":{"line":22,"column":13}},"6":{"start":{"line":30,"column":2},"end":{"line":30,"column":null}}},"fnMap":{},"branchMap":{},"s":{"0":0,"1":0,"2":0,"3":0,"4":0,"5":0,"6":0},"f":{},"b":{}}
,"D:\\boilerplate\\src\\users\\users.controller.ts": {"path":"D:\\boilerplate\\src\\users\\users.controller.ts","statementMap":{"0":{"start":{"line":1,"column":0},"end":{"line":1,"column":null}},"1":{"start":{"line":13,"column":0},"end":{"line":13,"column":84}},"2":{"start":{"line":14,"column":0},"end":{"line":14,"column":47}},"3":{"start":{"line":15,"column":0},"end":{"line":15,"column":69}},"4":{"start":{"line":16,"column":0},"end":{"line":16,"column":61}},"5":{"start":{"line":17,"column":0},"end":{"line":17,"column":68}},"6":{"start":{"line":18,"column":0},"end":{"line":18,"column":75}},"7":{"start":{"line":19,"column":0},"end":{"line":19,"column":61}},"8":{"start":{"line":25,"column":7},"end":{"line":71,"column":null}},"9":{"start":{"line":26,"column":31},"end":{"line":26,"column":45}},"10":{"start":{"line":34,"column":4},"end":{"line":34,"column":51}},"11":{"start":{"line":41,"column":4},"end":{"line":41,"column":49}},"12":{"start":{"line":48,"column":4},"end":{"line":48,"column":41}},"13":{"start":{"line":60,"column":4},"end":{"line":60,"column":55}},"14":{"start":{"line":69,"column":4},"end":{"line":69,"column":40}},"15":{"start":{"line":25,"column":13},"end":{"line":25,"column":28}},"16":{"start":{"line":33,"column":8},"end":{"line":35,"column":null}},"17":{"start":{"line":40,"column":8},"end":{"line":42,"column":null}},"18":{"start":{"line":47,"column":8},"end":{"line":49,"column":null}},"19":{"start":{"line":56,"column":8},"end":{"line":61,"column":null}},"20":{"start":{"line":68,"column":8},"end":{"line":70,"column":null}},"21":{"start":{"line":25,"column":13},"end":{"line":71,"column":null}}},"fnMap":{"0":{"name":"(anonymous_4)","decl":{"start":{"line":26,"column":2},"end":{"line":26,"column":31}},"loc":{"start":{"line":26,"column":57},"end":{"line":26,"column":61}}},"1":{"name":"(anonymous_5)","decl":{"start":{"line":33,"column":2},"end":{"line":33,"column":7}},"loc":{"start":{"line":33,"column":51},"end":{"line":35,"column":3}}},"2":{"name":"(anonymous_6)","decl":{"start":{"line":40,"column":2},"end":{"line":40,"column":7}},"loc":{"start":{"line":40,"column":50},"end":{"line":42,"column":3}}},"3":{"name":"(anonymous_7)","decl":{"start":{"line":47,"column":2},"end":{"line":47,"column":7}},"loc":{"start":{"line":47,"column":39},"end":{"line":49,"column":3}}},"4":{"name":"(anonymous_8)","decl":{"start":{"line":56,"column":2},"end":{"line":56,"column":7}},"loc":{"start":{"line":58,"column":40},"end":{"line":61,"column":3}}},"5":{"name":"(anonymous_9)","decl":{"start":{"line":68,"column":2},"end":{"line":68,"column":7}},"loc":{"start":{"line":68,"column":38},"end":{"line":70,"column":3}}}},"branchMap":{},"s":{"0":0,"1":0,"2":0,"3":0,"4":0,"5":0,"6":0,"7":0,"8":0,"9":0,"10":0,"11":0,"12":0,"13":0,"14":0,"15":0,"16":0,"17":0,"18":0,"19":0,"20":0,"21":0},"f":{"0":0,"1":0,"2":0,"3":0,"4":0,"5":0},"b":{}}
,"D:\\boilerplate\\src\\users\\users.module.ts": {"path":"D:\\boilerplate\\src\\users\\users.module.ts","statementMap":{"0":{"start":{"line":1,"column":0},"end":{"line":1,"column":40}},"1":{"start":{"line":2,"column":0},"end":{"line":2,"column":47}},"2":{"start":{"line":3,"column":0},"end":{"line":3,"column":53}},"3":{"start":{"line":4,"column":0},"end":{"line":4,"column":55}},"4":{"start":{"line":5,"column":0},"end":{"line":5,"column":52}},"5":{"start":{"line":13,"column":7},"end":{"line":13,"column":null}},"6":{"start":{"line":13,"column":13},"end":{"line":13,"column":24}},"7":{"start":{"line":13,"column":13},"end":{"line":13,"column":null}}},"fnMap":{},"branchMap":{},"s":{"0":0,"1":0,"2":0,"3":0,"4":0,"5":0,"6":0,"7":0},"f":{},"b":{}}
,"D:\\boilerplate\\src\\users\\users.service.ts": {"path":"D:\\boilerplate\\src\\users\\users.service.ts","statementMap":{"0":{"start":{"line":1,"column":0},"end":{"line":1,"column":82}},"1":{"start":{"line":2,"column":0},"end":{"line":2,"column":57}},"2":{"start":{"line":5,"column":0},"end":{"line":5,"column":33}},"3":{"start":{"line":8,"column":7},"end":{"line":123,"column":null}},"4":{"start":{"line":9,"column":22},"end":{"line":9,"column":30}},"5":{"start":{"line":12,"column":25},"end":{"line":14,"column":6}},"6":{"start":{"line":16,"column":4},"end":{"line":18,"column":5}},"7":{"start":{"line":17,"column":6},"end":{"line":17,"column":73}},"8":{"start":{"line":20,"column":27},"end":{"line":20,"column":72}},"9":{"start":{"line":22,"column":4},"end":{"line":28,"column":7}},"10":{"start":{"line":32,"column":44},"end":{"line":32,"column":54}},"11":{"start":{"line":34,"column":18},"end":{"line":39,"column":10}},"12":{"start":{"line":41,"column":26},"end":{"line":50,"column":6}},"13":{"start":{"line":52,"column":4},"end":{"line":62,"column":6}},"14":{"start":{"line":66,"column":17},"end":{"line":69,"column":6}},"15":{"start":{"line":71,"column":4},"end":{"line":73,"column":5}},"16":{"start":{"line":72,"column":6},"end":{"line":72,"column":52}},"17":{"start":{"line":75,"column":4},"end":{"line":75,"column":16}},"18":{"start":{"line":79,"column":17},"end":{"line":81,"column":6}},"19":{"start":{"line":83,"column":4},"end":{"line":85,"column":5}},"20":{"start":{"line":84,"column":6},"end":{"line":84,"column":52}},"21":{"start":{"line":87,"column":22},"end":{"line":87,"column":42}},"22":{"start":{"line":89,"column":4},"end":{"line":91,"column":5}},"23":{"start":{"line":90,"column":6},"end":{"line":90,"column":68}},"24":{"start":{"line":93,"column":4},"end":{"line":101,"column":5}},"25":{"start":{"line":94,"column":27},"end":{"line":96,"column":8}},"26":{"start":{"line":98,"column":6},"end":{"line":100,"column":7}},"27":{"start":{"line":99,"column":8},"end":{"line":99,"column":60}},"28":{"start":{"line":103,"column":4},"end":{"line":107,"column":7}},"29":{"start":{"line":111,"column":17},"end":{"line":113,"column":6}},"30":{"start":{"line":115,"column":4},"end":{"line":117,"column":5}},"31":{"start":{"line":116,"column":6},"end":{"line":116,"column":52}},"32":{"start":{"line":119,"column":4},"end":{"line":121,"column":7}},"33":{"start":{"line":8,"column":13},"end":{"line":8,"column":25}},"34":{"start":{"line":8,"column":13},"end":{"line":123,"column":null}}},"fnMap":{"0":{"name":"(anonymous_2)","decl":{"start":{"line":9,"column":2},"end":{"line":9,"column":22}},"loc":{"start":{"line":9,"column":43},"end":{"line":9,"column":47}}},"1":{"name":"(anonymous_3)","decl":{"start":{"line":11,"column":2},"end":{"line":11,"column":7}},"loc":{"start":{"line":11,"column":43},"end":{"line":29,"column":3}}},"2":{"name":"(anonymous_4)","decl":{"start":{"line":31,"column":2},"end":{"line":31,"column":7}},"loc":{"start":{"line":31,"column":41},"end":{"line":63,"column":3}}},"3":{"name":"(anonymous_5)","decl":{"start":{"line":65,"column":2},"end":{"line":65,"column":7}},"loc":{"start":{"line":65,"column":26},"end":{"line":76,"column":3}}},"4":{"name":"(anonymous_6)","decl":{"start":{"line":78,"column":2},"end":{"line":78,"column":7}},"loc":{"start":{"line":78,"column":55},"end":{"line":108,"column":3}}},"5":{"name":"(anonymous_7)","decl":{"start":{"line":110,"column":2},"end":{"line":110,"column":7}},"loc":{"start":{"line":110,"column":25},"end":{"line":122,"column":3}}}},"branchMap":{"0":{"loc":{"start":{"line":16,"column":4},"end":{"line":18,"column":5}},"type":"if","locations":[{"start":{"line":16,"column":4},"end":{"line":18,"column":5}}]},"1":{"loc":{"start":{"line":34,"column":18},"end":{"line":39,"column":10}},"type":"cond-expr","locations":[{"start":{"line":34,"column":27},"end":{"line":39,"column":6}},{"start":{"line":39,"column":8},"end":{"line":39,"column":10}}]},"2":{"loc":{"start":{"line":71,"column":4},"end":{"line":73,"column":5}},"type":"if","locations":[{"start":{"line":71,"column":4},"end":{"line":73,"column":5}}]},"3":{"loc":{"start":{"line":83,"column":4},"end":{"line":85,"column":5}},"type":"if","locations":[{"start":{"line":83,"column":4},"end":{"line":85,"column":5}}]},"4":{"loc":{"start":{"line":89,"column":4},"end":{"line":91,"column":5}},"type":"if","locations":[{"start":{"line":89,"column":4},"end":{"line":91,"column":5}}]},"5":{"loc":{"start":{"line":93,"column":4},"end":{"line":101,"column":5}},"type":"if","locations":[{"start":{"line":93,"column":4},"end":{"line":101,"column":5}}]},"6":{"loc":{"start":{"line":93,"column":8},"end":{"line":93,"column":65}},"type":"binary-expr","locations":[{"start":{"line":93,"column":8},"end":{"line":93,"column":27}},{"start":{"line":93,"column":31},"end":{"line":93,"column":65}}]},"7":{"loc":{"start":{"line":98,"column":6},"end":{"line":100,"column":7}},"type":"if","locations":[{"start":{"line":98,"column":6},"end":{"line":100,"column":7}}]},"8":{"loc":{"start":{"line":115,"column":4},"end":{"line":117,"column":5}},"type":"if","locations":[{"start":{"line":115,"column":4},"end":{"line":117,"column":5}}]}},"s":{"0":0,"1":0,"2":0,"3":0,"4":0,"5":0,"6":0,"7":0,"8":0,"9":0,"10":0,"11":0,"12":0,"13":0,"14":0,"15":0,"16":0,"17":0,"18":0,"19":0,"20":0,"21":0,"22":0,"23":0,"24":0,"25":0,"26":0,"27":0,"28":0,"29":0,"30":0,"31":0,"32":0,"33":0,"34":0},"f":{"0":0,"1":0,"2":0,"3":0,"4":0,"5":0},"b":{"0":[0],"1":[0,0],"2":[0],"3":[0],"4":[0],"5":[0],"6":[0,0],"7":[0],"8":[0]}}
,"D:\\boilerplate\\src\\users\\dto\\create-user.dto.ts": {"path":"D:\\boilerplate\\src\\users\\dto\\create-user.dto.ts","statementMap":{"0":{"start":{"line":1,"column":0},"end":{"line":1,"column":75}},"1":{"start":{"line":2,"column":0},"end":{"line":2,"column":46}},"2":{"start":{"line":4,"column":0},"end":{"line":4,"column":13}},"3":{"start":{"line":10,"column":2},"end":{"line":10,"column":null}},"4":{"start":{"line":18,"column":2},"end":{"line":18,"column":null}},"5":{"start":{"line":27,"column":2},"end":{"line":27,"column":null}},"6":{"start":{"line":34,"column":2},"end":{"line":34,"column":null}},"7":{"start":{"line":37,"column":0},"end":{"line":37,"column":13}},"8":{"start":{"line":45,"column":2},"end":{"line":45,"column":null}},"9":{"start":{"line":54,"column":2},"end":{"line":54,"column":null}},"10":{"start":{"line":63,"column":2},"end":{"line":63,"column":null}},"11":{"start":{"line":74,"column":2},"end":{"line":74,"column":null}}},"fnMap":{},"branchMap":{},"s":{"0":0,"1":0,"2":0,"3":0,"4":0,"5":0,"6":0,"7":0,"8":0,"9":0,"10":0,"11":0},"f":{},"b":{}}
}
